2025-07-23 07:33:51.572 +07:00 [INF] Đã áp dụng migrations cho AppDbContext.
2025-07-23 07:33:51.600 +07:00 [INF] Đã áp dụng migrations cho ApplicationDbContext (Identity).
2025-07-23 07:33:51.602 +07:00 [INF] Thư mục Uploads đã được tạo hoặc xác minh tại: /Users/tanloc/MovieWebsite/wwwroot/Uploads
2025-07-23 07:33:51.602 +07:00 [INF] Thư mục Logs đã được tạo hoặc xác minh tại: /Users/tanloc/MovieWebsite/wwwroot/Logs
2025-07-23 07:33:51.680 +07:00 [INF] Dịch vụ kiểm tra lịch chiếu đang khởi động.
2025-07-23 07:33:51.684 +07:00 [INF] Dịch vụ đang kiểm tra các tập phim mới.
2025-07-23 07:34:00.297 +07:00 [WRN] Failed to determine the https port for redirect.
2025-07-23 07:34:31.254 +07:00 [INF] User logged in successfully. UserId: e5e52c1e-89dc-456e-bb10-66c62e4f9d00
2025-07-23 07:35:08.894 +07:00 [INF] User logged in successfully. UserId: e5e52c1e-89dc-456e-bb10-66c62e4f9d00
2025-07-23 07:37:15.779 +07:00 [INF] User logged out.
2025-07-23 07:37:23.855 +07:00 [INF] User logged in successfully. UserId: e5e52c1e-89dc-456e-bb10-66c62e4f9d00
2025-07-23 07:47:36.059 +07:00 [INF] Đã áp dụng migrations cho AppDbContext.
2025-07-23 07:47:36.096 +07:00 [INF] Đã áp dụng migrations cho ApplicationDbContext (Identity).
2025-07-23 07:47:36.099 +07:00 [INF] Thư mục Uploads đã được tạo hoặc xác minh tại: /Users/tanloc/MovieWebsite/wwwroot/Uploads
2025-07-23 07:47:36.099 +07:00 [INF] Thư mục Logs đã được tạo hoặc xác minh tại: /Users/tanloc/MovieWebsite/wwwroot/Logs
2025-07-23 07:47:36.257 +07:00 [INF] Dịch vụ kiểm tra lịch chiếu đang khởi động.
2025-07-23 07:47:36.276 +07:00 [INF] Dịch vụ đang kiểm tra các tập phim mới.
2025-07-23 07:47:38.629 +07:00 [WRN] Failed to determine the https port for redirect.
2025-07-23 07:53:26.259 +07:00 [WRN] Compiling a query which loads related collections for more than one collection navigation, either via 'Include' or through projection, but no 'QuerySplittingBehavior' has been configured. By default, Entity Framework will use 'QuerySplittingBehavior.SingleQuery', which can potentially result in slow query performance. See https://go.microsoft.com/fwlink/?linkid=2134277 for more information. To identify the query that's triggering this warning call 'ConfigureWarnings(w => w.Throw(RelationalEventId.MultipleCollectionIncludeWarning))'.
2025-07-23 07:55:00.931 +07:00 [WRN] Compiling a query which loads related collections for more than one collection navigation, either via 'Include' or through projection, but no 'QuerySplittingBehavior' has been configured. By default, Entity Framework will use 'QuerySplittingBehavior.SingleQuery', which can potentially result in slow query performance. See https://go.microsoft.com/fwlink/?linkid=2134277 for more information. To identify the query that's triggering this warning call 'ConfigureWarnings(w => w.Throw(RelationalEventId.MultipleCollectionIncludeWarning))'.
2025-07-23 07:55:00.949 +07:00 [INF] Đang tải file poster_3: review-phim-bo-gia-elle-man-feature-.jpeg lên /Users/tanloc/MovieWebsite/wwwroot/Uploads/poster_3_d603ad79-5693-4daf-9f53-14c237d07a99.jpeg
2025-07-23 07:55:00.952 +07:00 [INF] Đang tải file poster_doc_3: bogia_mainposter_digital_lite_1_.jpg lên /Users/tanloc/MovieWebsite/wwwroot/Uploads/poster_doc_3_70bf008c-010d-47e9-9c75-3febfddd90c0.jpg
2025-07-23 07:55:00.954 +07:00 [INF] Đang tải file poster_banner_3: review-phim-bo-gia-elle-man-feature-.jpeg lên /Users/tanloc/MovieWebsite/wwwroot/Uploads/poster_banner_3_41bac32b-f3cf-4d7d-bac8-98dbb4a64740.jpeg
2025-07-23 07:55:01.011 +07:00 [INF] Đã cập nhật phim: Bố Già (ID: 3)
2025-07-23 07:55:33.191 +07:00 [INF] Đã lấy danh sách 2 phim của quốc gia Việt Nam.
2025-07-23 07:55:46.949 +07:00 [WRN] Compiling a query which loads related collections for more than one collection navigation, either via 'Include' or through projection, but no 'QuerySplittingBehavior' has been configured. By default, Entity Framework will use 'QuerySplittingBehavior.SingleQuery', which can potentially result in slow query performance. See https://go.microsoft.com/fwlink/?linkid=2134277 for more information. To identify the query that's triggering this warning call 'ConfigureWarnings(w => w.Throw(RelationalEventId.MultipleCollectionIncludeWarning))'.
2025-07-23 07:55:46.966 +07:00 [WRN] The query uses a row limiting operator ('Skip'/'Take') without an 'OrderBy' operator. This may lead to unpredictable results. If the 'Distinct' operator is used after 'OrderBy', then make sure to use the 'OrderBy' operator after 'Distinct' as the ordering would otherwise get erased.
2025-07-23 08:02:34.150 +07:00 [INF] Đã lấy danh sách 2 phim của thể loại Chính Kịch.
2025-07-23 08:02:35.793 +07:00 [INF] Đã lấy danh sách 3 phim của thể loại Gia Đình.
2025-07-23 08:02:37.038 +07:00 [INF] Đã lấy danh sách 0 phim của thể loại Hoạt Hình.
2025-07-23 08:04:14.677 +07:00 [INF] User created a new account with password. UserId: 920e808d-567b-42cb-90e5-812f349110af
2025-07-23 08:05:23.301 +07:00 [INF] Dịch vụ kiểm tra lịch chiếu đang dừng.
