2025-07-21 00:34:23.556 +07:00 [INF] Đã áp dụng migrations cho AppDbContext.
2025-07-21 00:34:23.600 +07:00 [INF] Đã áp dụng migrations cho ApplicationDbContext (Identity).
2025-07-21 00:34:23.603 +07:00 [INF] Thư mục Uploads đã được tạo hoặc xác minh tại: /Users/tanloc/MovieWebsite/wwwroot/Uploads
2025-07-21 00:34:23.603 +07:00 [INF] Thư mục Logs đã được tạo hoặc xác minh tại: /Users/tanloc/MovieWebsite/wwwroot/Logs
2025-07-21 00:37:34.114 +07:00 [WRN] Failed to determine the https port for redirect.
2025-07-21 00:40:46.153 +07:00 [INF] Đã lấy thành công 7 phim bộ.
2025-07-21 00:42:05.869 +07:00 [INF] Đã áp dụng migrations cho AppDbContext.
2025-07-21 00:42:05.910 +07:00 [INF] Đã áp dụng migrations cho ApplicationDbContext (Identity).
2025-07-21 00:42:05.913 +07:00 [INF] Thư mục Uploads đã được tạo hoặc xác minh tại: /Users/tanloc/MovieWebsite/wwwroot/Uploads
2025-07-21 00:42:05.914 +07:00 [INF] Thư mục Logs đã được tạo hoặc xác minh tại: /Users/tanloc/MovieWebsite/wwwroot/Logs
2025-07-21 00:42:09.323 +07:00 [WRN] Failed to determine the https port for redirect.
2025-07-21 00:42:33.683 +07:00 [INF] Đã lấy thành công 7 phim bộ.
2025-07-21 00:42:40.719 +07:00 [INF] Đã lấy thành công 0 phim lẻ.
2025-07-21 00:42:52.094 +07:00 [INF] Đã lấy thành công 0 phim lẻ.
2025-07-21 00:42:52.100 +07:00 [ERR] An unhandled exception has occurred while executing the request.
System.InvalidOperationException: The model item passed into the ViewDataDictionary is of type 'FeatureMoviesViewModel', but this ViewDataDictionary instance requires a model item of type 'SeriesMoviesViewModel'.
   at Microsoft.AspNetCore.Mvc.ViewFeatures.ViewDataDictionary.EnsureCompatible(Object value)
   at lambda_method681(Closure, ViewDataDictionary)
   at Microsoft.AspNetCore.Mvc.Razor.RazorPagePropertyActivator.Activate(Object page, ViewContext context)
   at Microsoft.AspNetCore.Mvc.Razor.RazorView.RenderPageCoreAsync(IRazorPage page, ViewContext context)
   at Microsoft.AspNetCore.Mvc.Razor.RazorView.RenderPageAsync(IRazorPage page, ViewContext context, Boolean invokeViewStarts)
   at Microsoft.AspNetCore.Mvc.Razor.RazorView.RenderAsync(ViewContext context)
   at Microsoft.AspNetCore.Mvc.ViewFeatures.ViewExecutor.ExecuteAsync(ViewContext viewContext, String contentType, Nullable`1 statusCode)
   at Microsoft.AspNetCore.Mvc.ViewFeatures.ViewExecutor.ExecuteAsync(ViewContext viewContext, String contentType, Nullable`1 statusCode)
   at Microsoft.AspNetCore.Mvc.ViewFeatures.ViewExecutor.ExecuteAsync(ActionContext actionContext, IView view, ViewDataDictionary viewData, ITempDataDictionary tempData, String contentType, Nullable`1 statusCode)
   at Microsoft.AspNetCore.Mvc.ViewFeatures.ViewResultExecutor.ExecuteAsync(ActionContext context, ViewResult result)
   at Microsoft.AspNetCore.Mvc.ViewResult.ExecuteResultAsync(ActionContext context)
   at Microsoft.AspNetCore.Mvc.Infrastructure.ResourceInvoker.<InvokeNextResultFilterAsync>g__Awaited|30_0[TFilter,TFilterAsync](ResourceInvoker invoker, Task lastTask, State next, Scope scope, Object state, Boolean isCompleted)
   at Microsoft.AspNetCore.Mvc.Infrastructure.ResourceInvoker.Rethrow(ResultExecutedContextSealed context)
   at Microsoft.AspNetCore.Mvc.Infrastructure.ResourceInvoker.ResultNext[TFilter,TFilterAsync](State& next, Scope& scope, Object& state, Boolean& isCompleted)
   at Microsoft.AspNetCore.Mvc.Infrastructure.ResourceInvoker.InvokeResultFilters()
--- End of stack trace from previous location ---
   at Microsoft.AspNetCore.Mvc.Infrastructure.ResourceInvoker.<InvokeNextResourceFilter>g__Awaited|25_0(ResourceInvoker invoker, Task lastTask, State next, Scope scope, Object state, Boolean isCompleted)
   at Microsoft.AspNetCore.Mvc.Infrastructure.ResourceInvoker.Rethrow(ResourceExecutedContextSealed context)
   at Microsoft.AspNetCore.Mvc.Infrastructure.ResourceInvoker.Next(State& next, Scope& scope, Object& state, Boolean& isCompleted)
   at Microsoft.AspNetCore.Mvc.Infrastructure.ResourceInvoker.InvokeFilterPipelineAsync()
--- End of stack trace from previous location ---
   at Microsoft.AspNetCore.Mvc.Infrastructure.ResourceInvoker.<InvokeAsync>g__Awaited|17_0(ResourceInvoker invoker, Task task, IDisposable scope)
   at Microsoft.AspNetCore.Mvc.Infrastructure.ResourceInvoker.<InvokeAsync>g__Awaited|17_0(ResourceInvoker invoker, Task task, IDisposable scope)
   at Microsoft.AspNetCore.Session.SessionMiddleware.Invoke(HttpContext context)
   at Microsoft.AspNetCore.Session.SessionMiddleware.Invoke(HttpContext context)
   at Microsoft.AspNetCore.Authorization.AuthorizationMiddleware.Invoke(HttpContext context)
   at Microsoft.AspNetCore.Authentication.AuthenticationMiddleware.Invoke(HttpContext context)
   at Microsoft.AspNetCore.Localization.RequestLocalizationMiddleware.Invoke(HttpContext context)
   at Microsoft.AspNetCore.Diagnostics.DeveloperExceptionPageMiddlewareImpl.Invoke(HttpContext context)
2025-07-21 00:42:54.560 +07:00 [INF] Đã lấy thành công 0 phim lẻ.
2025-07-21 00:43:09.255 +07:00 [INF] Đã lấy thành công 0 phim lẻ.
2025-07-21 00:43:14.184 +07:00 [INF] Đã lấy thành công 0 phim lẻ.
2025-07-21 00:43:16.124 +07:00 [INF] Đã lấy thành công 0 phim lẻ.
2025-07-21 00:43:16.140 +07:00 [INF] Đã lấy thành công 0 phim lẻ.
2025-07-21 00:43:21.187 +07:00 [INF] Đã lấy thành công 0 phim lẻ.
2025-07-21 00:43:28.924 +07:00 [INF] Đã lấy thành công 0 phim lẻ.
2025-07-21 00:43:29.849 +07:00 [INF] Đã lấy thành công 0 phim lẻ.
2025-07-21 00:43:33.247 +07:00 [INF] Đã lấy thành công 0 phim lẻ.
2025-07-21 00:43:38.092 +07:00 [INF] Đã lấy thành công 0 phim lẻ.
2025-07-21 00:43:41.130 +07:00 [INF] Đã lấy thành công 0 phim lẻ.
2025-07-21 00:43:47.159 +07:00 [INF] Đã lấy thành công 0 phim lẻ.
2025-07-21 00:43:58.925 +07:00 [INF] Đã lấy thành công 0 phim lẻ.
2025-07-21 00:44:00.219 +07:00 [INF] Đã lấy thành công 0 phim lẻ.
2025-07-21 00:45:29.553 +07:00 [INF] Đã lấy thành công 0 phim lẻ.
2025-07-21 00:45:35.684 +07:00 [INF] Đã lấy danh sách 0 phim của thể loại Hành Động.
2025-07-21 00:45:42.046 +07:00 [INF] Đã lấy danh sách 1 phim của thể loại Kinh Dị.
2025-07-21 00:45:50.186 +07:00 [WRN] Thể loại với ID 0 không tồn tại.
2025-07-21 00:45:53.430 +07:00 [INF] Đã lấy danh sách 1 phim của thể loại Kinh Dị.
2025-07-21 00:47:01.462 +07:00 [INF] Đã lấy danh sách 1 phim của thể loại Kinh Dị.
2025-07-21 00:47:02.644 +07:00 [INF] Đã lấy danh sách 1 phim của thể loại Kinh Dị.
2025-07-21 00:47:05.677 +07:00 [INF] Đã lấy danh sách 1 phim của thể loại Kinh Dị.
2025-07-21 00:47:09.275 +07:00 [INF] Đã lấy danh sách 1 phim của thể loại Kinh Dị.
2025-07-21 00:47:14.653 +07:00 [WRN] Compiling a query which loads related collections for more than one collection navigation, either via 'Include' or through projection, but no 'QuerySplittingBehavior' has been configured. By default, Entity Framework will use 'QuerySplittingBehavior.SingleQuery', which can potentially result in slow query performance. See https://go.microsoft.com/fwlink/?linkid=2134277 for more information. To identify the query that's triggering this warning call 'ConfigureWarnings(w => w.Throw(RelationalEventId.MultipleCollectionIncludeWarning))'.
2025-07-21 00:47:14.740 +07:00 [WRN] The query uses a row limiting operator ('Skip'/'Take') without an 'OrderBy' operator. This may lead to unpredictable results. If the 'Distinct' operator is used after 'OrderBy', then make sure to use the 'OrderBy' operator after 'Distinct' as the ordering would otherwise get erased.
2025-07-21 00:47:22.325 +07:00 [INF] Đã lấy danh sách 0 phim của thể loại Hành Động.
2025-07-21 00:48:20.498 +07:00 [INF] Đã lấy danh sách 1 phim của thể loại Kinh Dị.
2025-07-21 00:48:22.907 +07:00 [INF] Đã lấy danh sách 1 phim của thể loại Kinh Dị.
2025-07-21 00:49:15.186 +07:00 [INF] Đã lấy danh sách 0 phim của thể loại Hành Động.
2025-07-21 00:49:27.019 +07:00 [INF] Đã lấy danh sách 0 phim của thể loại Hành Động.
2025-07-21 00:49:29.561 +07:00 [INF] Đã lấy danh sách 0 phim của thể loại Hành Động.
2025-07-21 00:49:29.589 +07:00 [INF] Đã lấy danh sách 1 phim của thể loại Kinh Dị.
2025-07-21 00:49:31.846 +07:00 [INF] Đã lấy danh sách 1 phim của thể loại Kinh Dị.
2025-07-21 00:49:31.847 +07:00 [INF] Đã lấy danh sách 0 phim của thể loại Hành Động.
2025-07-21 00:49:35.102 +07:00 [INF] Đã lấy danh sách 0 phim của thể loại Hành Động.
2025-07-21 00:49:35.103 +07:00 [INF] Đã lấy danh sách 1 phim của thể loại Kinh Dị.
2025-07-21 00:49:37.484 +07:00 [INF] Đã lấy danh sách 0 phim của thể loại Hành Động.
2025-07-21 00:49:37.485 +07:00 [INF] Đã lấy danh sách 1 phim của thể loại Kinh Dị.
2025-07-21 00:49:41.068 +07:00 [INF] Đã lấy danh sách 1 phim của thể loại Kinh Dị.
2025-07-21 00:49:41.107 +07:00 [INF] Đã lấy danh sách 0 phim của thể loại Hành Động.
2025-07-21 00:49:43.008 +07:00 [INF] Đã lấy danh sách 0 phim của thể loại Hành Động.
2025-07-21 00:49:43.009 +07:00 [INF] Đã lấy danh sách 1 phim của thể loại Kinh Dị.
2025-07-21 00:49:47.206 +07:00 [INF] Đã lấy danh sách 1 phim của thể loại Kinh Dị.
2025-07-21 00:49:47.242 +07:00 [INF] Đã lấy danh sách 0 phim của thể loại Hành Động.
2025-07-21 00:49:48.357 +07:00 [INF] Đã lấy danh sách 0 phim của thể loại Hành Động.
2025-07-21 00:49:48.357 +07:00 [INF] Đã lấy danh sách 1 phim của thể loại Kinh Dị.
2025-07-21 00:50:20.875 +07:00 [INF] Đã lấy danh sách 0 phim của thể loại Hành Động.
2025-07-21 00:50:21.614 +07:00 [INF] Đã lấy danh sách 0 phim của thể loại Hành Động.
2025-07-21 00:50:51.948 +07:00 [INF] Đã lấy danh sách 1 phim của thể loại Kinh Dị.
2025-07-21 00:51:46.431 +07:00 [INF] Đã lấy danh sách 1 phim của thể loại Kinh Dị.
2025-07-21 00:51:47.674 +07:00 [INF] Đã lấy danh sách 0 phim của thể loại Hành Động.
2025-07-21 00:52:39.604 +07:00 [WRN] Thể loại với ID 0 không tồn tại.
2025-07-21 00:52:42.909 +07:00 [WRN] Thể loại với ID 0 không tồn tại.
2025-07-21 00:52:53.552 +07:00 [INF] Đã lấy danh sách 2 phim của thể loại Chính Kịch.
2025-07-21 00:53:03.653 +07:00 [INF] Đã lấy thành công 0 phim lẻ.
2025-07-21 00:53:04.949 +07:00 [INF] Đã lấy thành công 7 phim bộ.
2025-07-21 00:53:08.436 +07:00 [WRN] Quốc gia với ID 0 không tồn tại.
2025-07-21 00:53:09.898 +07:00 [INF] Đã lấy danh sách 1 phim của quốc gia Mỹ.
2025-07-21 00:56:26.729 +07:00 [ERR] Failed executing DbCommand (4ms) [Parameters=[@p0='?' (DbType = Int32)], CommandType='"Text"', CommandTimeout='30']
DELETE FROM "Episodes"
WHERE "Id" = @p0
RETURNING 1;
2025-07-21 00:56:26.740 +07:00 [ERR] An exception occurred in the database while saving changes for context type 'MovieWebsite.Data.AppDbContext'.
Microsoft.EntityFrameworkCore.DbUpdateException: An error occurred while saving the entity changes. See the inner exception for details.
 ---> Microsoft.Data.Sqlite.SqliteException (0x80004005): SQLite Error 19: 'FOREIGN KEY constraint failed'.
   at Microsoft.Data.Sqlite.SqliteException.ThrowExceptionForRC(Int32 rc, sqlite3 db)
   at Microsoft.Data.Sqlite.SqliteDataReader.NextResult()
   at Microsoft.Data.Sqlite.SqliteCommand.ExecuteReader(CommandBehavior behavior)
   at Microsoft.Data.Sqlite.SqliteCommand.ExecuteDbDataReaderAsync(CommandBehavior behavior, CancellationToken cancellationToken)
   at Microsoft.EntityFrameworkCore.Storage.RelationalCommand.ExecuteReaderAsync(RelationalCommandParameterObject parameterObject, CancellationToken cancellationToken)
   at Microsoft.EntityFrameworkCore.Storage.RelationalCommand.ExecuteReaderAsync(RelationalCommandParameterObject parameterObject, CancellationToken cancellationToken)
   at Microsoft.EntityFrameworkCore.Update.ReaderModificationCommandBatch.ExecuteAsync(IRelationalConnection connection, CancellationToken cancellationToken)
   --- End of inner exception stack trace ---
   at Microsoft.EntityFrameworkCore.Update.ReaderModificationCommandBatch.ExecuteAsync(IRelationalConnection connection, CancellationToken cancellationToken)
   at Microsoft.EntityFrameworkCore.Update.Internal.BatchExecutor.ExecuteAsync(IEnumerable`1 commandBatches, IRelationalConnection connection, CancellationToken cancellationToken)
   at Microsoft.EntityFrameworkCore.Update.Internal.BatchExecutor.ExecuteAsync(IEnumerable`1 commandBatches, IRelationalConnection connection, CancellationToken cancellationToken)
   at Microsoft.EntityFrameworkCore.Update.Internal.BatchExecutor.ExecuteAsync(IEnumerable`1 commandBatches, IRelationalConnection connection, CancellationToken cancellationToken)
   at Microsoft.EntityFrameworkCore.ChangeTracking.Internal.StateManager.SaveChangesAsync(IList`1 entriesToSave, CancellationToken cancellationToken)
   at Microsoft.EntityFrameworkCore.ChangeTracking.Internal.StateManager.SaveChangesAsync(StateManager stateManager, Boolean acceptAllChangesOnSuccess, CancellationToken cancellationToken)
   at Microsoft.EntityFrameworkCore.DbContext.SaveChangesAsync(Boolean acceptAllChangesOnSuccess, CancellationToken cancellationToken)
Microsoft.EntityFrameworkCore.DbUpdateException: An error occurred while saving the entity changes. See the inner exception for details.
 ---> Microsoft.Data.Sqlite.SqliteException (0x80004005): SQLite Error 19: 'FOREIGN KEY constraint failed'.
   at Microsoft.Data.Sqlite.SqliteException.ThrowExceptionForRC(Int32 rc, sqlite3 db)
   at Microsoft.Data.Sqlite.SqliteDataReader.NextResult()
   at Microsoft.Data.Sqlite.SqliteCommand.ExecuteReader(CommandBehavior behavior)
   at Microsoft.Data.Sqlite.SqliteCommand.ExecuteDbDataReaderAsync(CommandBehavior behavior, CancellationToken cancellationToken)
   at Microsoft.EntityFrameworkCore.Storage.RelationalCommand.ExecuteReaderAsync(RelationalCommandParameterObject parameterObject, CancellationToken cancellationToken)
   at Microsoft.EntityFrameworkCore.Storage.RelationalCommand.ExecuteReaderAsync(RelationalCommandParameterObject parameterObject, CancellationToken cancellationToken)
   at Microsoft.EntityFrameworkCore.Update.ReaderModificationCommandBatch.ExecuteAsync(IRelationalConnection connection, CancellationToken cancellationToken)
   --- End of inner exception stack trace ---
   at Microsoft.EntityFrameworkCore.Update.ReaderModificationCommandBatch.ExecuteAsync(IRelationalConnection connection, CancellationToken cancellationToken)
   at Microsoft.EntityFrameworkCore.Update.Internal.BatchExecutor.ExecuteAsync(IEnumerable`1 commandBatches, IRelationalConnection connection, CancellationToken cancellationToken)
   at Microsoft.EntityFrameworkCore.Update.Internal.BatchExecutor.ExecuteAsync(IEnumerable`1 commandBatches, IRelationalConnection connection, CancellationToken cancellationToken)
   at Microsoft.EntityFrameworkCore.Update.Internal.BatchExecutor.ExecuteAsync(IEnumerable`1 commandBatches, IRelationalConnection connection, CancellationToken cancellationToken)
   at Microsoft.EntityFrameworkCore.ChangeTracking.Internal.StateManager.SaveChangesAsync(IList`1 entriesToSave, CancellationToken cancellationToken)
   at Microsoft.EntityFrameworkCore.ChangeTracking.Internal.StateManager.SaveChangesAsync(StateManager stateManager, Boolean acceptAllChangesOnSuccess, CancellationToken cancellationToken)
   at Microsoft.EntityFrameworkCore.DbContext.SaveChangesAsync(Boolean acceptAllChangesOnSuccess, CancellationToken cancellationToken)
2025-07-21 00:56:26.743 +07:00 [ERR] An unhandled exception has occurred while executing the request.
Microsoft.EntityFrameworkCore.DbUpdateException: An error occurred while saving the entity changes. See the inner exception for details.
 ---> Microsoft.Data.Sqlite.SqliteException (0x80004005): SQLite Error 19: 'FOREIGN KEY constraint failed'.
   at Microsoft.Data.Sqlite.SqliteException.ThrowExceptionForRC(Int32 rc, sqlite3 db)
   at Microsoft.Data.Sqlite.SqliteDataReader.NextResult()
   at Microsoft.Data.Sqlite.SqliteCommand.ExecuteReader(CommandBehavior behavior)
   at Microsoft.Data.Sqlite.SqliteCommand.ExecuteDbDataReaderAsync(CommandBehavior behavior, CancellationToken cancellationToken)
   at Microsoft.EntityFrameworkCore.Storage.RelationalCommand.ExecuteReaderAsync(RelationalCommandParameterObject parameterObject, CancellationToken cancellationToken)
   at Microsoft.EntityFrameworkCore.Storage.RelationalCommand.ExecuteReaderAsync(RelationalCommandParameterObject parameterObject, CancellationToken cancellationToken)
   at Microsoft.EntityFrameworkCore.Update.ReaderModificationCommandBatch.ExecuteAsync(IRelationalConnection connection, CancellationToken cancellationToken)
   --- End of inner exception stack trace ---
   at Microsoft.EntityFrameworkCore.Update.ReaderModificationCommandBatch.ExecuteAsync(IRelationalConnection connection, CancellationToken cancellationToken)
   at Microsoft.EntityFrameworkCore.Update.Internal.BatchExecutor.ExecuteAsync(IEnumerable`1 commandBatches, IRelationalConnection connection, CancellationToken cancellationToken)
   at Microsoft.EntityFrameworkCore.Update.Internal.BatchExecutor.ExecuteAsync(IEnumerable`1 commandBatches, IRelationalConnection connection, CancellationToken cancellationToken)
   at Microsoft.EntityFrameworkCore.Update.Internal.BatchExecutor.ExecuteAsync(IEnumerable`1 commandBatches, IRelationalConnection connection, CancellationToken cancellationToken)
   at Microsoft.EntityFrameworkCore.ChangeTracking.Internal.StateManager.SaveChangesAsync(IList`1 entriesToSave, CancellationToken cancellationToken)
   at Microsoft.EntityFrameworkCore.ChangeTracking.Internal.StateManager.SaveChangesAsync(StateManager stateManager, Boolean acceptAllChangesOnSuccess, CancellationToken cancellationToken)
   at Microsoft.EntityFrameworkCore.DbContext.SaveChangesAsync(Boolean acceptAllChangesOnSuccess, CancellationToken cancellationToken)
   at Microsoft.EntityFrameworkCore.DbContext.SaveChangesAsync(Boolean acceptAllChangesOnSuccess, CancellationToken cancellationToken)
   at MovieWebsite.Areas.Admin.Controllers.AdMoviesController.DeleteConfirmed(Int32 id)
   at Microsoft.AspNetCore.Mvc.Infrastructure.ActionMethodExecutor.TaskOfIActionResultExecutor.Execute(ActionContext actionContext, IActionResultTypeMapper mapper, ObjectMethodExecutor executor, Object controller, Object[] arguments)
   at Microsoft.AspNetCore.Mvc.Infrastructure.ControllerActionInvoker.<InvokeActionMethodAsync>g__Awaited|12_0(ControllerActionInvoker invoker, ValueTask`1 actionResultValueTask)
   at Microsoft.AspNetCore.Mvc.Infrastructure.ControllerActionInvoker.<InvokeNextActionFilterAsync>g__Awaited|10_0(ControllerActionInvoker invoker, Task lastTask, State next, Scope scope, Object state, Boolean isCompleted)
   at Microsoft.AspNetCore.Mvc.Infrastructure.ControllerActionInvoker.Rethrow(ActionExecutedContextSealed context)
   at Microsoft.AspNetCore.Mvc.Infrastructure.ControllerActionInvoker.Next(State& next, Scope& scope, Object& state, Boolean& isCompleted)
   at Microsoft.AspNetCore.Mvc.Infrastructure.ControllerActionInvoker.InvokeInnerFilterAsync()
--- End of stack trace from previous location ---
   at Microsoft.AspNetCore.Mvc.Infrastructure.ResourceInvoker.<InvokeNextResourceFilter>g__Awaited|25_0(ResourceInvoker invoker, Task lastTask, State next, Scope scope, Object state, Boolean isCompleted)
   at Microsoft.AspNetCore.Mvc.Infrastructure.ResourceInvoker.Rethrow(ResourceExecutedContextSealed context)
   at Microsoft.AspNetCore.Mvc.Infrastructure.ResourceInvoker.Next(State& next, Scope& scope, Object& state, Boolean& isCompleted)
   at Microsoft.AspNetCore.Mvc.Infrastructure.ResourceInvoker.InvokeFilterPipelineAsync()
--- End of stack trace from previous location ---
   at Microsoft.AspNetCore.Mvc.Infrastructure.ResourceInvoker.<InvokeAsync>g__Awaited|17_0(ResourceInvoker invoker, Task task, IDisposable scope)
   at Microsoft.AspNetCore.Mvc.Infrastructure.ResourceInvoker.<InvokeAsync>g__Awaited|17_0(ResourceInvoker invoker, Task task, IDisposable scope)
   at Microsoft.AspNetCore.Session.SessionMiddleware.Invoke(HttpContext context)
   at Microsoft.AspNetCore.Session.SessionMiddleware.Invoke(HttpContext context)
   at Microsoft.AspNetCore.Authorization.AuthorizationMiddleware.Invoke(HttpContext context)
   at Microsoft.AspNetCore.Authentication.AuthenticationMiddleware.Invoke(HttpContext context)
   at Microsoft.AspNetCore.Localization.RequestLocalizationMiddleware.Invoke(HttpContext context)
   at Microsoft.AspNetCore.Diagnostics.DeveloperExceptionPageMiddlewareImpl.Invoke(HttpContext context)
2025-07-21 00:57:24.723 +07:00 [WRN] Compiling a query which loads related collections for more than one collection navigation, either via 'Include' or through projection, but no 'QuerySplittingBehavior' has been configured. By default, Entity Framework will use 'QuerySplittingBehavior.SingleQuery', which can potentially result in slow query performance. See https://go.microsoft.com/fwlink/?linkid=2134277 for more information. To identify the query that's triggering this warning call 'ConfigureWarnings(w => w.Throw(RelationalEventId.MultipleCollectionIncludeWarning))'.
2025-07-21 01:02:14.500 +07:00 [WRN] Compiling a query which loads related collections for more than one collection navigation, either via 'Include' or through projection, but no 'QuerySplittingBehavior' has been configured. By default, Entity Framework will use 'QuerySplittingBehavior.SingleQuery', which can potentially result in slow query performance. See https://go.microsoft.com/fwlink/?linkid=2134277 for more information. To identify the query that's triggering this warning call 'ConfigureWarnings(w => w.Throw(RelationalEventId.MultipleCollectionIncludeWarning))'.
2025-07-21 01:02:14.521 +07:00 [INF] Đang tải file poster_4: kst1.jpg lên /Users/tanloc/MovieWebsite/wwwroot/Uploads/poster_4_e0421788-83ea-48ba-8a84-200f36cb75c8.jpg
2025-07-21 01:02:14.525 +07:00 [INF] Đang tải file poster_doc_4: kst.jpg lên /Users/tanloc/MovieWebsite/wwwroot/Uploads/poster_doc_4_c59c8287-80d2-4580-b2a6-a2787fcee83b.jpg
2025-07-21 01:02:14.525 +07:00 [INF] Đang tải file poster_banner_4: kstbaner.jpg lên /Users/tanloc/MovieWebsite/wwwroot/Uploads/poster_banner_4_204182fa-9be3-4882-9b10-03847183bab4.jpg
2025-07-21 01:02:14.557 +07:00 [INF] Đã cập nhật phim: Ký Sinh Trùng (ID: 4)
2025-07-21 01:09:55.070 +07:00 [INF] Đã áp dụng migrations cho AppDbContext.
2025-07-21 01:09:55.224 +07:00 [INF] Đã áp dụng migrations cho ApplicationDbContext (Identity).
2025-07-21 01:09:55.233 +07:00 [INF] Thư mục Uploads đã được tạo hoặc xác minh tại: /Users/tanloc/MovieWebsite/wwwroot/Uploads
2025-07-21 01:09:55.233 +07:00 [INF] Thư mục Logs đã được tạo hoặc xác minh tại: /Users/tanloc/MovieWebsite/wwwroot/Logs
2025-07-21 01:11:33.841 +07:00 [WRN] Failed to determine the https port for redirect.
2025-07-21 12:15:47.047 +07:00 [INF] Đã áp dụng migrations cho AppDbContext.
2025-07-21 12:15:47.074 +07:00 [INF] Đã áp dụng migrations cho ApplicationDbContext (Identity).
2025-07-21 12:15:47.076 +07:00 [INF] Thư mục Uploads đã được tạo hoặc xác minh tại: /Users/tanloc/MovieWebsite/wwwroot/Uploads
2025-07-21 12:15:47.076 +07:00 [INF] Thư mục Logs đã được tạo hoặc xác minh tại: /Users/tanloc/MovieWebsite/wwwroot/Logs
2025-07-21 12:16:32.168 +07:00 [WRN] Failed to determine the https port for redirect.
2025-07-21 12:19:17.611 +07:00 [WRN] Quốc gia với ID 0 không tồn tại.
