2025-07-08 11:02:36.406 +07:00 [INF] Đã áp dụng migrations cho AppDbContext.
2025-07-08 11:02:36.433 +07:00 [INF] Đã áp dụng migrations cho ApplicationDbContext (Identity).
2025-07-08 11:02:36.435 +07:00 [INF] Thư mục Uploads đã được tạo hoặc xác minh tại: /Users/tanloc/MovieWebsite/wwwroot/Uploads
2025-07-08 11:02:36.435 +07:00 [INF] Thư mục Logs đã được tạo hoặc xác minh tại: /Users/tanloc/MovieWebsite/wwwroot/Logs
2025-07-08 11:02:40.338 +07:00 [WRN] Failed to determine the https port for redirect.
2025-07-08 11:05:33.459 +07:00 [WRN] Compiling a query which loads related collections for more than one collection navigation, either via 'Include' or through projection, but no 'QuerySplittingBehavior' has been configured. By default, Entity Framework will use 'QuerySplittingBehavior.SingleQuery', which can potentially result in slow query performance. See https://go.microsoft.com/fwlink/?linkid=2134277 for more information. To identify the query that's triggering this warning call 'ConfigureWarnings(w => w.Throw(RelationalEventId.MultipleCollectionIncludeWarning))'.
2025-07-08 11:05:33.564 +07:00 [WRN] The query uses a row limiting operator ('Skip'/'Take') without an 'OrderBy' operator. This may lead to unpredictable results. If the 'Distinct' operator is used after 'OrderBy', then make sure to use the 'OrderBy' operator after 'Distinct' as the ordering would otherwise get erased.
2025-07-08 11:06:27.275 +07:00 [INF] Đã lấy danh sách 7 phim của quốc gia Hàn Quốc.
2025-07-08 11:06:43.844 +07:00 [INF] Đã lấy danh sách 7 phim của quốc gia Hàn Quốc.
2025-07-08 11:06:52.749 +07:00 [WRN] Compiling a query which loads related collections for more than one collection navigation, either via 'Include' or through projection, but no 'QuerySplittingBehavior' has been configured. By default, Entity Framework will use 'QuerySplittingBehavior.SingleQuery', which can potentially result in slow query performance. See https://go.microsoft.com/fwlink/?linkid=2134277 for more information. To identify the query that's triggering this warning call 'ConfigureWarnings(w => w.Throw(RelationalEventId.MultipleCollectionIncludeWarning))'.
2025-07-08 11:07:03.195 +07:00 [WRN] Compiling a query which loads related collections for more than one collection navigation, either via 'Include' or through projection, but no 'QuerySplittingBehavior' has been configured. By default, Entity Framework will use 'QuerySplittingBehavior.SingleQuery', which can potentially result in slow query performance. See https://go.microsoft.com/fwlink/?linkid=2134277 for more information. To identify the query that's triggering this warning call 'ConfigureWarnings(w => w.Throw(RelationalEventId.MultipleCollectionIncludeWarning))'.
2025-07-08 11:07:03.236 +07:00 [INF] Đã cập nhật phim: Coco (ID: 25)
2025-07-08 11:07:14.215 +07:00 [INF] Đã cập nhật phim: Những Kẻ Trộm Vặt (ID: 17)
2025-07-08 11:07:30.523 +07:00 [INF] Đã cập nhật phim: Thiên Tài Bất Hảo (ID: 18)
2025-07-08 11:07:41.767 +07:00 [INF] Đã cập nhật phim: Tên Cậu Là Gì? (ID: 16)
2025-07-08 11:07:46.420 +07:00 [INF] Đã lấy danh sách 11 phim của quốc gia Hàn Quốc.
2025-07-08 11:08:12.961 +07:00 [INF] Đã cập nhật phim: Người Về Từ Cõi Chết (ID: 24)
2025-07-08 11:08:22.863 +07:00 [INF] Đã cập nhật phim: Hố Đen Tử Thần (ID: 15)
2025-07-08 11:08:26.957 +07:00 [INF] Đã lấy danh sách 13 phim của quốc gia Hàn Quốc.
2025-07-08 11:09:18.121 +07:00 [INF] Đã lấy danh sách 13 phim của quốc gia Hàn Quốc.
2025-07-08 11:09:40.383 +07:00 [INF] Đã lấy danh sách 13 phim của quốc gia Hàn Quốc.
2025-07-08 11:12:23.388 +07:00 [INF] Đã lấy danh sách 13 phim của quốc gia Hàn Quốc.
2025-07-08 11:12:43.486 +07:00 [INF] Đã lấy danh sách 13 phim của quốc gia Hàn Quốc.
2025-07-08 11:12:48.569 +07:00 [INF] Đã lấy danh sách 13 phim của quốc gia Hàn Quốc.
2025-07-08 11:12:52.039 +07:00 [INF] Đã lấy danh sách 13 phim của quốc gia Hàn Quốc.
2025-07-08 11:12:57.383 +07:00 [INF] Đã lấy danh sách 13 phim của quốc gia Hàn Quốc.
2025-07-08 11:14:43.692 +07:00 [INF] Đã lấy danh sách 13 phim của quốc gia Hàn Quốc.
2025-07-08 11:14:53.516 +07:00 [INF] Đã lấy danh sách 13 phim của quốc gia Hàn Quốc.
2025-07-08 11:15:11.761 +07:00 [INF] Đã lấy danh sách 13 phim của quốc gia Hàn Quốc.
2025-07-08 11:16:01.349 +07:00 [INF] Đã lấy danh sách 13 phim của quốc gia Hàn Quốc.
2025-07-08 11:20:24.804 +07:00 [INF] Đã lấy danh sách 13 phim của quốc gia Hàn Quốc.
2025-07-08 11:20:46.511 +07:00 [INF] Đã lấy danh sách 13 phim của quốc gia Hàn Quốc.
2025-07-08 11:22:34.718 +07:00 [INF] Đã lấy danh sách 13 phim của quốc gia Hàn Quốc.
2025-07-08 11:22:59.153 +07:00 [INF] Đã lấy danh sách 13 phim của quốc gia Hàn Quốc.
2025-07-08 11:23:23.893 +07:00 [INF] Đã lấy danh sách 13 phim của quốc gia Hàn Quốc.
2025-07-08 11:23:26.645 +07:00 [INF] Đã lấy danh sách 13 phim của quốc gia Hàn Quốc.
2025-07-08 11:23:30.689 +07:00 [INF] Đã lấy danh sách 13 phim của quốc gia Hàn Quốc.
2025-07-08 11:24:22.105 +07:00 [INF] Đã lấy danh sách 13 phim của quốc gia Hàn Quốc.
2025-07-08 11:24:44.985 +07:00 [INF] Đã lấy danh sách 13 phim của quốc gia Hàn Quốc.
2025-07-08 11:26:03.656 +07:00 [INF] Đã lấy danh sách 13 phim của quốc gia Hàn Quốc.
2025-07-08 11:26:52.208 +07:00 [INF] Đã áp dụng migrations cho AppDbContext.
2025-07-08 11:26:52.238 +07:00 [INF] Đã áp dụng migrations cho ApplicationDbContext (Identity).
2025-07-08 11:26:52.240 +07:00 [INF] Thư mục Uploads đã được tạo hoặc xác minh tại: /Users/tanloc/MovieWebsite/wwwroot/Uploads
2025-07-08 11:26:52.240 +07:00 [INF] Thư mục Logs đã được tạo hoặc xác minh tại: /Users/tanloc/MovieWebsite/wwwroot/Logs
2025-07-08 11:27:05.480 +07:00 [INF] Đã áp dụng migrations cho AppDbContext.
2025-07-08 11:27:05.509 +07:00 [INF] Đã áp dụng migrations cho ApplicationDbContext (Identity).
2025-07-08 11:27:05.512 +07:00 [INF] Thư mục Uploads đã được tạo hoặc xác minh tại: /Users/tanloc/MovieWebsite/wwwroot/Uploads
2025-07-08 11:27:05.512 +07:00 [INF] Thư mục Logs đã được tạo hoặc xác minh tại: /Users/tanloc/MovieWebsite/wwwroot/Logs
2025-07-08 11:27:20.081 +07:00 [WRN] Failed to determine the https port for redirect.
2025-07-08 11:27:20.323 +07:00 [WRN] Compiling a query which loads related collections for more than one collection navigation, either via 'Include' or through projection, but no 'QuerySplittingBehavior' has been configured. By default, Entity Framework will use 'QuerySplittingBehavior.SingleQuery', which can potentially result in slow query performance. See https://go.microsoft.com/fwlink/?linkid=2134277 for more information. To identify the query that's triggering this warning call 'ConfigureWarnings(w => w.Throw(RelationalEventId.MultipleCollectionIncludeWarning))'.
2025-07-08 11:28:01.031 +07:00 [INF] Đã lấy danh sách 13 phim của quốc gia Hàn Quốc.
2025-07-08 11:28:03.818 +07:00 [INF] Đã lấy danh sách 13 phim của quốc gia Hàn Quốc.
2025-07-08 11:28:54.662 +07:00 [INF] Đã lấy danh sách 13 phim của quốc gia Hàn Quốc.
2025-07-08 11:28:55.967 +07:00 [INF] Đã lấy danh sách 13 phim của quốc gia Hàn Quốc.
2025-07-08 11:29:01.090 +07:00 [INF] Đã lấy danh sách 13 phim của quốc gia Hàn Quốc.
2025-07-08 11:29:06.966 +07:00 [INF] Đã lấy danh sách 13 phim của quốc gia Hàn Quốc.
2025-07-08 11:29:09.143 +07:00 [INF] Đã lấy danh sách 13 phim của quốc gia Hàn Quốc.
2025-07-08 11:29:20.270 +07:00 [INF] Đã lấy danh sách 13 phim của quốc gia Hàn Quốc.
2025-07-08 11:29:22.178 +07:00 [INF] Đã lấy danh sách 13 phim của quốc gia Hàn Quốc.
2025-07-08 11:29:25.158 +07:00 [INF] Đã lấy danh sách 13 phim của quốc gia Hàn Quốc.
2025-07-08 11:29:35.077 +07:00 [INF] Đã lấy danh sách 13 phim của quốc gia Hàn Quốc.
2025-07-08 11:29:36.624 +07:00 [INF] Đã lấy danh sách 13 phim của quốc gia Hàn Quốc.
2025-07-08 11:29:37.967 +07:00 [INF] Đã lấy danh sách 13 phim của quốc gia Hàn Quốc.
2025-07-08 11:29:41.545 +07:00 [INF] Đã lấy danh sách 13 phim của quốc gia Hàn Quốc.
2025-07-08 11:29:48.762 +07:00 [INF] Đã lấy danh sách 13 phim của quốc gia Hàn Quốc.
2025-07-08 11:30:19.999 +07:00 [INF] Đã lấy danh sách 13 phim của quốc gia Hàn Quốc.
2025-07-08 11:30:21.031 +07:00 [INF] Đã lấy danh sách 13 phim của quốc gia Hàn Quốc.
2025-07-08 11:30:26.115 +07:00 [INF] Đã lấy danh sách 13 phim của quốc gia Hàn Quốc.
2025-07-08 11:30:28.126 +07:00 [INF] Đã lấy danh sách 13 phim của quốc gia Hàn Quốc.
2025-07-08 11:30:34.403 +07:00 [INF] Đã lấy danh sách 13 phim của quốc gia Hàn Quốc.
2025-07-08 11:30:36.086 +07:00 [INF] Đã lấy danh sách 13 phim của quốc gia Hàn Quốc.
2025-07-08 11:30:39.732 +07:00 [INF] Đã lấy danh sách 13 phim của quốc gia Hàn Quốc.
2025-07-08 11:30:47.188 +07:00 [INF] Đã lấy danh sách 13 phim của quốc gia Hàn Quốc.
2025-07-08 11:30:49.328 +07:00 [INF] Đã lấy danh sách 13 phim của quốc gia Hàn Quốc.
2025-07-08 11:30:52.150 +07:00 [INF] Đã lấy danh sách 13 phim của quốc gia Hàn Quốc.
2025-07-08 11:31:28.097 +07:00 [INF] Đã lấy danh sách 13 phim của quốc gia Hàn Quốc.
2025-07-08 11:31:31.551 +07:00 [INF] Đã lấy danh sách 3 phim của quốc gia Trung Quốc.
2025-07-08 11:31:31.559 +07:00 [ERR] The view 'TQ' was not found. Searched locations: ["/Views/Movies/TQ.vi-VN.cshtml","/Views/Movies/TQ.vi.cshtml","/Views/Movies/TQ.cshtml","/Views/Shared/TQ.vi-VN.cshtml","/Views/Shared/TQ.vi.cshtml","/Views/Shared/TQ.cshtml"]
2025-07-08 11:31:31.567 +07:00 [ERR] An unhandled exception has occurred while executing the request.
System.InvalidOperationException: The view 'TQ' was not found. The following locations were searched:
/Views/Movies/TQ.vi-VN.cshtml
/Views/Movies/TQ.vi.cshtml
/Views/Movies/TQ.cshtml
/Views/Shared/TQ.vi-VN.cshtml
/Views/Shared/TQ.vi.cshtml
/Views/Shared/TQ.cshtml
   at Microsoft.AspNetCore.Mvc.ViewEngines.ViewEngineResult.EnsureSuccessful(IEnumerable`1 originalLocations)
   at Microsoft.AspNetCore.Mvc.ViewFeatures.ViewResultExecutor.ExecuteAsync(ActionContext context, ViewResult result)
   at Microsoft.AspNetCore.Mvc.ViewResult.ExecuteResultAsync(ActionContext context)
   at Microsoft.AspNetCore.Mvc.Infrastructure.ResourceInvoker.<InvokeNextResultFilterAsync>g__Awaited|30_0[TFilter,TFilterAsync](ResourceInvoker invoker, Task lastTask, State next, Scope scope, Object state, Boolean isCompleted)
   at Microsoft.AspNetCore.Mvc.Infrastructure.ResourceInvoker.Rethrow(ResultExecutedContextSealed context)
   at Microsoft.AspNetCore.Mvc.Infrastructure.ResourceInvoker.ResultNext[TFilter,TFilterAsync](State& next, Scope& scope, Object& state, Boolean& isCompleted)
   at Microsoft.AspNetCore.Mvc.Infrastructure.ResourceInvoker.InvokeResultFilters()
--- End of stack trace from previous location ---
   at Microsoft.AspNetCore.Mvc.Infrastructure.ResourceInvoker.<InvokeNextResourceFilter>g__Awaited|25_0(ResourceInvoker invoker, Task lastTask, State next, Scope scope, Object state, Boolean isCompleted)
   at Microsoft.AspNetCore.Mvc.Infrastructure.ResourceInvoker.Rethrow(ResourceExecutedContextSealed context)
   at Microsoft.AspNetCore.Mvc.Infrastructure.ResourceInvoker.Next(State& next, Scope& scope, Object& state, Boolean& isCompleted)
   at Microsoft.AspNetCore.Mvc.Infrastructure.ResourceInvoker.InvokeFilterPipelineAsync()
--- End of stack trace from previous location ---
   at Microsoft.AspNetCore.Mvc.Infrastructure.ResourceInvoker.<InvokeAsync>g__Awaited|17_0(ResourceInvoker invoker, Task task, IDisposable scope)
   at Microsoft.AspNetCore.Mvc.Infrastructure.ResourceInvoker.<InvokeAsync>g__Awaited|17_0(ResourceInvoker invoker, Task task, IDisposable scope)
   at Microsoft.AspNetCore.Session.SessionMiddleware.Invoke(HttpContext context)
   at Microsoft.AspNetCore.Session.SessionMiddleware.Invoke(HttpContext context)
   at Microsoft.AspNetCore.Authorization.AuthorizationMiddleware.Invoke(HttpContext context)
   at Microsoft.AspNetCore.Authentication.AuthenticationMiddleware.Invoke(HttpContext context)
   at Microsoft.AspNetCore.Localization.RequestLocalizationMiddleware.Invoke(HttpContext context)
   at Microsoft.AspNetCore.Diagnostics.DeveloperExceptionPageMiddlewareImpl.Invoke(HttpContext context)
2025-07-08 11:32:19.186 +07:00 [INF] Đã lấy danh sách 3 phim của quốc gia Trung Quốc.
2025-07-08 11:32:19.187 +07:00 [ERR] The view 'TQ' was not found. Searched locations: ["/Views/Movies/TQ.vi-VN.cshtml","/Views/Movies/TQ.vi.cshtml","/Views/Movies/TQ.cshtml","/Views/Shared/TQ.vi-VN.cshtml","/Views/Shared/TQ.vi.cshtml","/Views/Shared/TQ.cshtml"]
2025-07-08 11:32:19.189 +07:00 [ERR] An unhandled exception has occurred while executing the request.
System.InvalidOperationException: The view 'TQ' was not found. The following locations were searched:
/Views/Movies/TQ.vi-VN.cshtml
/Views/Movies/TQ.vi.cshtml
/Views/Movies/TQ.cshtml
/Views/Shared/TQ.vi-VN.cshtml
/Views/Shared/TQ.vi.cshtml
/Views/Shared/TQ.cshtml
   at Microsoft.AspNetCore.Mvc.ViewEngines.ViewEngineResult.EnsureSuccessful(IEnumerable`1 originalLocations)
   at Microsoft.AspNetCore.Mvc.ViewFeatures.ViewResultExecutor.ExecuteAsync(ActionContext context, ViewResult result)
   at Microsoft.AspNetCore.Mvc.ViewResult.ExecuteResultAsync(ActionContext context)
   at Microsoft.AspNetCore.Mvc.Infrastructure.ResourceInvoker.<InvokeNextResultFilterAsync>g__Awaited|30_0[TFilter,TFilterAsync](ResourceInvoker invoker, Task lastTask, State next, Scope scope, Object state, Boolean isCompleted)
   at Microsoft.AspNetCore.Mvc.Infrastructure.ResourceInvoker.Rethrow(ResultExecutedContextSealed context)
   at Microsoft.AspNetCore.Mvc.Infrastructure.ResourceInvoker.ResultNext[TFilter,TFilterAsync](State& next, Scope& scope, Object& state, Boolean& isCompleted)
   at Microsoft.AspNetCore.Mvc.Infrastructure.ResourceInvoker.InvokeResultFilters()
--- End of stack trace from previous location ---
   at Microsoft.AspNetCore.Mvc.Infrastructure.ResourceInvoker.<InvokeNextResourceFilter>g__Awaited|25_0(ResourceInvoker invoker, Task lastTask, State next, Scope scope, Object state, Boolean isCompleted)
   at Microsoft.AspNetCore.Mvc.Infrastructure.ResourceInvoker.Rethrow(ResourceExecutedContextSealed context)
   at Microsoft.AspNetCore.Mvc.Infrastructure.ResourceInvoker.Next(State& next, Scope& scope, Object& state, Boolean& isCompleted)
   at Microsoft.AspNetCore.Mvc.Infrastructure.ResourceInvoker.InvokeFilterPipelineAsync()
--- End of stack trace from previous location ---
   at Microsoft.AspNetCore.Mvc.Infrastructure.ResourceInvoker.<InvokeAsync>g__Awaited|17_0(ResourceInvoker invoker, Task task, IDisposable scope)
   at Microsoft.AspNetCore.Mvc.Infrastructure.ResourceInvoker.<InvokeAsync>g__Awaited|17_0(ResourceInvoker invoker, Task task, IDisposable scope)
   at Microsoft.AspNetCore.Session.SessionMiddleware.Invoke(HttpContext context)
   at Microsoft.AspNetCore.Session.SessionMiddleware.Invoke(HttpContext context)
   at Microsoft.AspNetCore.Authorization.AuthorizationMiddleware.Invoke(HttpContext context)
   at Microsoft.AspNetCore.Authentication.AuthenticationMiddleware.Invoke(HttpContext context)
   at Microsoft.AspNetCore.Localization.RequestLocalizationMiddleware.Invoke(HttpContext context)
   at Microsoft.AspNetCore.Diagnostics.DeveloperExceptionPageMiddlewareImpl.Invoke(HttpContext context)
2025-07-08 11:32:51.745 +07:00 [INF] Đã áp dụng migrations cho AppDbContext.
2025-07-08 11:32:51.768 +07:00 [INF] Đã áp dụng migrations cho ApplicationDbContext (Identity).
2025-07-08 11:32:51.770 +07:00 [INF] Thư mục Uploads đã được tạo hoặc xác minh tại: /Users/tanloc/MovieWebsite/wwwroot/Uploads
2025-07-08 11:32:51.770 +07:00 [INF] Thư mục Logs đã được tạo hoặc xác minh tại: /Users/tanloc/MovieWebsite/wwwroot/Logs
2025-07-08 11:32:54.910 +07:00 [WRN] Failed to determine the https port for redirect.
2025-07-08 11:32:55.216 +07:00 [INF] Đã lấy danh sách 3 phim của quốc gia Trung Quốc.
2025-07-08 11:33:15.536 +07:00 [INF] Đã lấy danh sách 3 phim của quốc gia Trung Quốc.
2025-07-08 11:33:25.695 +07:00 [INF] Đã lấy danh sách 3 phim của quốc gia Trung Quốc.
2025-07-08 11:33:44.496 +07:00 [INF] Đã lấy danh sách 3 phim của quốc gia Trung Quốc.
2025-07-08 11:33:56.310 +07:00 [INF] Đã lấy danh sách 3 phim của quốc gia Trung Quốc.
2025-07-08 11:34:00.943 +07:00 [INF] Đã lấy danh sách 3 phim của quốc gia Trung Quốc.
2025-07-08 11:34:24.122 +07:00 [INF] Đã lấy danh sách 3 phim của quốc gia Trung Quốc.
2025-07-08 11:34:31.888 +07:00 [INF] Đã lấy danh sách 3 phim của quốc gia Trung Quốc.
2025-07-08 11:34:34.701 +07:00 [INF] Đã lấy danh sách 3 phim của quốc gia Trung Quốc.
2025-07-08 11:35:38.170 +07:00 [INF] Đã lấy danh sách 3 phim của quốc gia Trung Quốc.
2025-07-08 11:35:39.937 +07:00 [INF] Đã lấy danh sách 3 phim của quốc gia Trung Quốc.
2025-07-08 11:35:49.563 +07:00 [INF] Đã lấy danh sách 3 phim của quốc gia Trung Quốc.
2025-07-08 11:35:51.485 +07:00 [INF] Đã lấy danh sách 3 phim của quốc gia Trung Quốc.
2025-07-08 11:35:55.228 +07:00 [INF] Đã lấy danh sách 3 phim của quốc gia Trung Quốc.
2025-07-08 11:36:02.030 +07:00 [INF] Đã lấy danh sách 3 phim của quốc gia Trung Quốc.
2025-07-08 11:36:05.912 +07:00 [INF] Đã lấy danh sách 3 phim của quốc gia Trung Quốc.
2025-07-08 11:36:09.479 +07:00 [INF] Đã lấy danh sách 3 phim của quốc gia Trung Quốc.
2025-07-08 11:36:10.912 +07:00 [INF] Đã lấy danh sách 3 phim của quốc gia Trung Quốc.
2025-07-08 11:36:24.136 +07:00 [INF] Đã lấy danh sách 3 phim của quốc gia Trung Quốc.
2025-07-08 11:36:26.799 +07:00 [INF] Đã lấy danh sách 3 phim của quốc gia Trung Quốc.
2025-07-08 11:36:29.025 +07:00 [INF] Đã lấy danh sách 3 phim của quốc gia Trung Quốc.
2025-07-08 11:41:28.336 +07:00 [INF] Đã lấy danh sách 3 phim của quốc gia Trung Quốc.
2025-07-08 11:43:11.739 +07:00 [INF] Đã lấy danh sách 3 phim của quốc gia Trung Quốc.
2025-07-08 11:43:19.254 +07:00 [INF] Đã lấy danh sách 3 phim của quốc gia Trung Quốc.
2025-07-08 11:43:24.856 +07:00 [INF] Đã lấy danh sách 3 phim của quốc gia Trung Quốc.
2025-07-08 11:43:27.515 +07:00 [INF] Đã lấy danh sách 3 phim của quốc gia Trung Quốc.
2025-07-08 11:43:31.721 +07:00 [INF] Đã lấy danh sách 3 phim của quốc gia Trung Quốc.
2025-07-08 11:43:48.072 +07:00 [INF] Đã lấy danh sách 3 phim của quốc gia Trung Quốc.
2025-07-08 11:43:50.570 +07:00 [INF] Đã lấy danh sách 3 phim của quốc gia Trung Quốc.
2025-07-08 11:43:58.422 +07:00 [INF] Đã lấy danh sách 3 phim của quốc gia Trung Quốc.
2025-07-08 11:44:12.860 +07:00 [INF] Đã lấy danh sách 3 phim của quốc gia Trung Quốc.
2025-07-08 11:44:14.028 +07:00 [INF] Đã lấy danh sách 3 phim của quốc gia Trung Quốc.
2025-07-08 11:44:30.523 +07:00 [INF] Đã lấy danh sách 3 phim của quốc gia Trung Quốc.
2025-07-08 11:44:31.668 +07:00 [INF] Đã lấy danh sách 3 phim của quốc gia Trung Quốc.
2025-07-08 11:44:38.969 +07:00 [INF] Đã lấy danh sách 3 phim của quốc gia Trung Quốc.
2025-07-08 11:44:48.214 +07:00 [INF] Đã lấy danh sách 3 phim của quốc gia Trung Quốc.
2025-07-08 11:44:50.823 +07:00 [INF] Đã lấy danh sách 3 phim của quốc gia Trung Quốc.
2025-07-08 11:44:55.007 +07:00 [INF] Đã lấy danh sách 3 phim của quốc gia Trung Quốc.
2025-07-08 11:44:57.463 +07:00 [INF] Đã lấy danh sách 3 phim của quốc gia Trung Quốc.
2025-07-08 11:45:01.441 +07:00 [INF] Đã lấy danh sách 3 phim của quốc gia Trung Quốc.
2025-07-08 11:45:34.699 +07:00 [INF] Đã lấy danh sách 3 phim của quốc gia Trung Quốc.
2025-07-08 11:45:37.751 +07:00 [INF] Đã lấy danh sách 3 phim của quốc gia Trung Quốc.
2025-07-08 11:45:41.891 +07:00 [INF] Đã lấy danh sách 3 phim của quốc gia Trung Quốc.
2025-07-08 11:45:58.465 +07:00 [INF] Đã lấy danh sách 3 phim của quốc gia Trung Quốc.
2025-07-08 11:46:04.437 +07:00 [INF] Đã lấy danh sách 3 phim của quốc gia Trung Quốc.
2025-07-08 11:46:07.962 +07:00 [INF] Đã lấy danh sách 3 phim của quốc gia Trung Quốc.
2025-07-08 11:46:10.073 +07:00 [INF] Đã lấy danh sách 3 phim của quốc gia Trung Quốc.
2025-07-08 11:46:25.056 +07:00 [INF] Đã lấy danh sách 3 phim của quốc gia Trung Quốc.
2025-07-08 11:46:26.616 +07:00 [INF] Đã lấy danh sách 3 phim của quốc gia Trung Quốc.
2025-07-08 11:46:34.902 +07:00 [INF] Đã lấy danh sách 3 phim của quốc gia Trung Quốc.
2025-07-08 11:46:40.998 +07:00 [INF] Đã lấy danh sách 3 phim của quốc gia Trung Quốc.
2025-07-08 11:46:47.057 +07:00 [INF] Đã lấy danh sách 3 phim của quốc gia Trung Quốc.
2025-07-08 11:46:57.452 +07:00 [INF] Đã lấy danh sách 3 phim của quốc gia Trung Quốc.
2025-07-08 11:47:03.709 +07:00 [INF] Đã lấy danh sách 3 phim của quốc gia Trung Quốc.
2025-07-08 11:47:08.448 +07:00 [INF] Đã lấy danh sách 3 phim của quốc gia Trung Quốc.
2025-07-08 11:47:10.481 +07:00 [INF] Đã lấy danh sách 3 phim của quốc gia Trung Quốc.
2025-07-08 11:47:26.174 +07:00 [INF] Đã lấy danh sách 3 phim của quốc gia Trung Quốc.
2025-07-08 11:47:38.174 +07:00 [INF] Đã lấy danh sách 3 phim của quốc gia Trung Quốc.
2025-07-08 11:47:42.994 +07:00 [INF] Đã lấy danh sách 3 phim của quốc gia Trung Quốc.
2025-07-08 11:47:45.594 +07:00 [INF] Đã lấy danh sách 3 phim của quốc gia Trung Quốc.
2025-07-08 11:48:08.775 +07:00 [INF] Đã lấy danh sách 3 phim của quốc gia Trung Quốc.
2025-07-08 11:48:10.759 +07:00 [INF] Đã lấy danh sách 3 phim của quốc gia Trung Quốc.
2025-07-08 11:48:12.345 +07:00 [INF] Đã lấy danh sách 3 phim của quốc gia Trung Quốc.
2025-07-08 11:48:18.051 +07:00 [INF] Đã lấy danh sách 3 phim của quốc gia Trung Quốc.
2025-07-08 11:48:19.590 +07:00 [INF] Đã lấy danh sách 3 phim của quốc gia Trung Quốc.
2025-07-08 11:48:26.454 +07:00 [INF] Đã lấy danh sách 3 phim của quốc gia Trung Quốc.
2025-07-08 11:48:30.412 +07:00 [INF] Đã lấy danh sách 3 phim của quốc gia Trung Quốc.
2025-07-08 11:48:48.087 +07:00 [INF] Đã lấy danh sách 3 phim của quốc gia Trung Quốc.
2025-07-08 11:48:51.259 +07:00 [INF] Đã lấy danh sách 3 phim của quốc gia Trung Quốc.
2025-07-08 11:48:54.172 +07:00 [INF] Đã lấy danh sách 13 phim của quốc gia Hàn Quốc.
2025-07-08 11:49:05.413 +07:00 [INF] Đã lấy danh sách 13 phim của quốc gia Hàn Quốc.
2025-07-08 11:49:07.412 +07:00 [INF] Đã lấy danh sách 13 phim của quốc gia Hàn Quốc.
2025-07-08 11:49:08.830 +07:00 [INF] Đã lấy danh sách 13 phim của quốc gia Hàn Quốc.
2025-07-08 11:49:13.224 +07:00 [INF] Đã lấy danh sách 13 phim của quốc gia Hàn Quốc.
2025-07-08 11:49:18.391 +07:00 [INF] Đã lấy danh sách 13 phim của quốc gia Hàn Quốc.
2025-07-08 11:49:19.385 +07:00 [INF] Đã lấy danh sách 13 phim của quốc gia Hàn Quốc.
2025-07-08 11:49:26.193 +07:00 [INF] Đã lấy danh sách 13 phim của quốc gia Hàn Quốc.
2025-07-08 11:49:36.292 +07:00 [INF] Đã lấy danh sách 13 phim của quốc gia Hàn Quốc.
2025-07-08 11:49:38.093 +07:00 [INF] Đã lấy danh sách 13 phim của quốc gia Hàn Quốc.
2025-07-08 11:49:40.873 +07:00 [INF] Đã lấy danh sách 13 phim của quốc gia Hàn Quốc.
2025-07-08 11:49:49.498 +07:00 [INF] Đã lấy danh sách 13 phim của quốc gia Hàn Quốc.
2025-07-08 11:49:50.346 +07:00 [INF] Đã lấy danh sách 13 phim của quốc gia Hàn Quốc.
2025-07-08 11:49:53.668 +07:00 [INF] Đã lấy danh sách 13 phim của quốc gia Hàn Quốc.
2025-07-08 20:05:55.412 +07:00 [INF] Đã áp dụng migrations cho AppDbContext.
2025-07-08 20:05:55.437 +07:00 [INF] Đã áp dụng migrations cho ApplicationDbContext (Identity).
2025-07-08 20:05:55.439 +07:00 [INF] Thư mục Uploads đã được tạo hoặc xác minh tại: /Users/tanloc/MovieWebsite/wwwroot/Uploads
2025-07-08 20:05:55.439 +07:00 [INF] Thư mục Logs đã được tạo hoặc xác minh tại: /Users/tanloc/MovieWebsite/wwwroot/Logs
2025-07-08 20:10:22.574 +07:00 [WRN] Failed to determine the https port for redirect.
2025-07-08 20:10:22.944 +07:00 [INF] Đã lấy danh sách 3 phim của quốc gia Trung Quốc.
2025-07-08 21:52:05.846 +07:00 [INF] Đã áp dụng migrations cho AppDbContext.
2025-07-08 21:52:05.879 +07:00 [INF] Đã áp dụng migrations cho ApplicationDbContext (Identity).
2025-07-08 21:52:05.881 +07:00 [INF] Thư mục Uploads đã được tạo hoặc xác minh tại: /Users/tanloc/MovieWebsite/wwwroot/Uploads
2025-07-08 21:52:05.881 +07:00 [INF] Thư mục Logs đã được tạo hoặc xác minh tại: /Users/tanloc/MovieWebsite/wwwroot/Logs
2025-07-08 21:52:23.796 +07:00 [INF] Đã áp dụng migrations cho AppDbContext.
2025-07-08 21:52:23.824 +07:00 [INF] Đã áp dụng migrations cho ApplicationDbContext (Identity).
2025-07-08 21:52:23.826 +07:00 [INF] Thư mục Uploads đã được tạo hoặc xác minh tại: /Users/tanloc/MovieWebsite/wwwroot/Uploads
2025-07-08 21:52:23.826 +07:00 [INF] Thư mục Logs đã được tạo hoặc xác minh tại: /Users/tanloc/MovieWebsite/wwwroot/Logs
2025-07-08 21:52:30.523 +07:00 [WRN] Failed to determine the https port for redirect.
2025-07-08 21:52:40.833 +07:00 [INF] Đã lấy danh sách 3 phim của quốc gia Trung Quốc.
2025-07-08 21:52:44.238 +07:00 [INF] Đã lấy danh sách 5 phim của quốc gia Mỹ.
2025-07-08 21:52:44.242 +07:00 [ERR] The view 'US' was not found. Searched locations: ["/Views/Movies/US.vi-VN.cshtml","/Views/Movies/US.vi.cshtml","/Views/Movies/US.cshtml","/Views/Shared/US.vi-VN.cshtml","/Views/Shared/US.vi.cshtml","/Views/Shared/US.cshtml"]
2025-07-08 21:52:44.247 +07:00 [ERR] An unhandled exception has occurred while executing the request.
System.InvalidOperationException: The view 'US' was not found. The following locations were searched:
/Views/Movies/US.vi-VN.cshtml
/Views/Movies/US.vi.cshtml
/Views/Movies/US.cshtml
/Views/Shared/US.vi-VN.cshtml
/Views/Shared/US.vi.cshtml
/Views/Shared/US.cshtml
   at Microsoft.AspNetCore.Mvc.ViewEngines.ViewEngineResult.EnsureSuccessful(IEnumerable`1 originalLocations)
   at Microsoft.AspNetCore.Mvc.ViewFeatures.ViewResultExecutor.ExecuteAsync(ActionContext context, ViewResult result)
   at Microsoft.AspNetCore.Mvc.ViewResult.ExecuteResultAsync(ActionContext context)
   at Microsoft.AspNetCore.Mvc.Infrastructure.ResourceInvoker.<InvokeNextResultFilterAsync>g__Awaited|30_0[TFilter,TFilterAsync](ResourceInvoker invoker, Task lastTask, State next, Scope scope, Object state, Boolean isCompleted)
   at Microsoft.AspNetCore.Mvc.Infrastructure.ResourceInvoker.Rethrow(ResultExecutedContextSealed context)
   at Microsoft.AspNetCore.Mvc.Infrastructure.ResourceInvoker.ResultNext[TFilter,TFilterAsync](State& next, Scope& scope, Object& state, Boolean& isCompleted)
   at Microsoft.AspNetCore.Mvc.Infrastructure.ResourceInvoker.InvokeResultFilters()
--- End of stack trace from previous location ---
   at Microsoft.AspNetCore.Mvc.Infrastructure.ResourceInvoker.<InvokeNextResourceFilter>g__Awaited|25_0(ResourceInvoker invoker, Task lastTask, State next, Scope scope, Object state, Boolean isCompleted)
   at Microsoft.AspNetCore.Mvc.Infrastructure.ResourceInvoker.Rethrow(ResourceExecutedContextSealed context)
   at Microsoft.AspNetCore.Mvc.Infrastructure.ResourceInvoker.Next(State& next, Scope& scope, Object& state, Boolean& isCompleted)
   at Microsoft.AspNetCore.Mvc.Infrastructure.ResourceInvoker.InvokeFilterPipelineAsync()
--- End of stack trace from previous location ---
   at Microsoft.AspNetCore.Mvc.Infrastructure.ResourceInvoker.<InvokeAsync>g__Awaited|17_0(ResourceInvoker invoker, Task task, IDisposable scope)
   at Microsoft.AspNetCore.Mvc.Infrastructure.ResourceInvoker.<InvokeAsync>g__Awaited|17_0(ResourceInvoker invoker, Task task, IDisposable scope)
   at Microsoft.AspNetCore.Session.SessionMiddleware.Invoke(HttpContext context)
   at Microsoft.AspNetCore.Session.SessionMiddleware.Invoke(HttpContext context)
   at Microsoft.AspNetCore.Authorization.AuthorizationMiddleware.Invoke(HttpContext context)
   at Microsoft.AspNetCore.Authentication.AuthenticationMiddleware.Invoke(HttpContext context)
   at Microsoft.AspNetCore.Localization.RequestLocalizationMiddleware.Invoke(HttpContext context)
   at Microsoft.AspNetCore.Diagnostics.DeveloperExceptionPageMiddlewareImpl.Invoke(HttpContext context)
2025-07-08 21:52:54.203 +07:00 [ERR] An unhandled exception has occurred while executing the request.
System.MissingMethodException: Attempted to invoke a deleted method implementation. This can happen when a method is deleted or its name or signature is changed while the application is running.
   at MovieWebsite.Controllers.MoviesController.US(Int32 countryId)
   at lambda_method680(Closure, Object, Object[])
   at Microsoft.AspNetCore.Mvc.Infrastructure.ActionMethodExecutor.TaskOfIActionResultExecutor.Execute(ActionContext actionContext, IActionResultTypeMapper mapper, ObjectMethodExecutor executor, Object controller, Object[] arguments)
   at Microsoft.AspNetCore.Mvc.Infrastructure.ControllerActionInvoker.<InvokeActionMethodAsync>g__Awaited|12_0(ControllerActionInvoker invoker, ValueTask`1 actionResultValueTask)
   at Microsoft.AspNetCore.Mvc.Infrastructure.ControllerActionInvoker.<InvokeNextActionFilterAsync>g__Awaited|10_0(ControllerActionInvoker invoker, Task lastTask, State next, Scope scope, Object state, Boolean isCompleted)
   at Microsoft.AspNetCore.Mvc.Infrastructure.ControllerActionInvoker.Rethrow(ActionExecutedContextSealed context)
   at Microsoft.AspNetCore.Mvc.Infrastructure.ControllerActionInvoker.Next(State& next, Scope& scope, Object& state, Boolean& isCompleted)
   at Microsoft.AspNetCore.Mvc.Infrastructure.ControllerActionInvoker.InvokeInnerFilterAsync()
--- End of stack trace from previous location ---
   at Microsoft.AspNetCore.Mvc.Infrastructure.ResourceInvoker.<InvokeNextResourceFilter>g__Awaited|25_0(ResourceInvoker invoker, Task lastTask, State next, Scope scope, Object state, Boolean isCompleted)
   at Microsoft.AspNetCore.Mvc.Infrastructure.ResourceInvoker.Rethrow(ResourceExecutedContextSealed context)
   at Microsoft.AspNetCore.Mvc.Infrastructure.ResourceInvoker.Next(State& next, Scope& scope, Object& state, Boolean& isCompleted)
   at Microsoft.AspNetCore.Mvc.Infrastructure.ResourceInvoker.InvokeFilterPipelineAsync()
--- End of stack trace from previous location ---
   at Microsoft.AspNetCore.Mvc.Infrastructure.ResourceInvoker.<InvokeAsync>g__Awaited|17_0(ResourceInvoker invoker, Task task, IDisposable scope)
   at Microsoft.AspNetCore.Mvc.Infrastructure.ResourceInvoker.<InvokeAsync>g__Awaited|17_0(ResourceInvoker invoker, Task task, IDisposable scope)
   at Microsoft.AspNetCore.Session.SessionMiddleware.Invoke(HttpContext context)
   at Microsoft.AspNetCore.Session.SessionMiddleware.Invoke(HttpContext context)
   at Microsoft.AspNetCore.Authorization.AuthorizationMiddleware.Invoke(HttpContext context)
   at Microsoft.AspNetCore.Authentication.AuthenticationMiddleware.Invoke(HttpContext context)
   at Microsoft.AspNetCore.Localization.RequestLocalizationMiddleware.Invoke(HttpContext context)
   at Microsoft.AspNetCore.Diagnostics.DeveloperExceptionPageMiddlewareImpl.Invoke(HttpContext context)
2025-07-08 21:52:56.190 +07:00 [INF] Đã lấy danh sách 5 phim của quốc gia Mỹ.
2025-07-08 21:52:56.191 +07:00 [ERR] The view 'US' was not found. Searched locations: ["/Views/Movies/US.vi-VN.cshtml","/Views/Movies/US.vi.cshtml","/Views/Movies/US.cshtml","/Views/Shared/US.vi-VN.cshtml","/Views/Shared/US.vi.cshtml","/Views/Shared/US.cshtml"]
2025-07-08 21:52:56.191 +07:00 [ERR] An unhandled exception has occurred while executing the request.
System.InvalidOperationException: The view 'US' was not found. The following locations were searched:
/Views/Movies/US.vi-VN.cshtml
/Views/Movies/US.vi.cshtml
/Views/Movies/US.cshtml
/Views/Shared/US.vi-VN.cshtml
/Views/Shared/US.vi.cshtml
/Views/Shared/US.cshtml
   at Microsoft.AspNetCore.Mvc.ViewEngines.ViewEngineResult.EnsureSuccessful(IEnumerable`1 originalLocations)
   at Microsoft.AspNetCore.Mvc.ViewFeatures.ViewResultExecutor.ExecuteAsync(ActionContext context, ViewResult result)
   at Microsoft.AspNetCore.Mvc.ViewResult.ExecuteResultAsync(ActionContext context)
   at Microsoft.AspNetCore.Mvc.Infrastructure.ResourceInvoker.<InvokeNextResultFilterAsync>g__Awaited|30_0[TFilter,TFilterAsync](ResourceInvoker invoker, Task lastTask, State next, Scope scope, Object state, Boolean isCompleted)
   at Microsoft.AspNetCore.Mvc.Infrastructure.ResourceInvoker.Rethrow(ResultExecutedContextSealed context)
   at Microsoft.AspNetCore.Mvc.Infrastructure.ResourceInvoker.ResultNext[TFilter,TFilterAsync](State& next, Scope& scope, Object& state, Boolean& isCompleted)
   at Microsoft.AspNetCore.Mvc.Infrastructure.ResourceInvoker.InvokeResultFilters()
--- End of stack trace from previous location ---
   at Microsoft.AspNetCore.Mvc.Infrastructure.ResourceInvoker.<InvokeNextResourceFilter>g__Awaited|25_0(ResourceInvoker invoker, Task lastTask, State next, Scope scope, Object state, Boolean isCompleted)
   at Microsoft.AspNetCore.Mvc.Infrastructure.ResourceInvoker.Rethrow(ResourceExecutedContextSealed context)
   at Microsoft.AspNetCore.Mvc.Infrastructure.ResourceInvoker.Next(State& next, Scope& scope, Object& state, Boolean& isCompleted)
   at Microsoft.AspNetCore.Mvc.Infrastructure.ResourceInvoker.InvokeFilterPipelineAsync()
--- End of stack trace from previous location ---
   at Microsoft.AspNetCore.Mvc.Infrastructure.ResourceInvoker.<InvokeAsync>g__Awaited|17_0(ResourceInvoker invoker, Task task, IDisposable scope)
   at Microsoft.AspNetCore.Mvc.Infrastructure.ResourceInvoker.<InvokeAsync>g__Awaited|17_0(ResourceInvoker invoker, Task task, IDisposable scope)
   at Microsoft.AspNetCore.Session.SessionMiddleware.Invoke(HttpContext context)
   at Microsoft.AspNetCore.Session.SessionMiddleware.Invoke(HttpContext context)
   at Microsoft.AspNetCore.Authorization.AuthorizationMiddleware.Invoke(HttpContext context)
   at Microsoft.AspNetCore.Authentication.AuthenticationMiddleware.Invoke(HttpContext context)
   at Microsoft.AspNetCore.Localization.RequestLocalizationMiddleware.Invoke(HttpContext context)
   at Microsoft.AspNetCore.Diagnostics.DeveloperExceptionPageMiddlewareImpl.Invoke(HttpContext context)
2025-07-08 21:53:10.857 +07:00 [INF] Đã áp dụng migrations cho AppDbContext.
2025-07-08 21:53:10.882 +07:00 [INF] Đã áp dụng migrations cho ApplicationDbContext (Identity).
2025-07-08 21:53:10.884 +07:00 [INF] Thư mục Uploads đã được tạo hoặc xác minh tại: /Users/tanloc/MovieWebsite/wwwroot/Uploads
2025-07-08 21:53:10.884 +07:00 [INF] Thư mục Logs đã được tạo hoặc xác minh tại: /Users/tanloc/MovieWebsite/wwwroot/Logs
2025-07-08 21:53:11.561 +07:00 [WRN] Failed to determine the https port for redirect.
2025-07-08 21:53:11.864 +07:00 [INF] Đã lấy danh sách 5 phim của quốc gia Mỹ.
2025-07-08 21:53:30.213 +07:00 [INF] Đã lấy danh sách 5 phim của quốc gia Mỹ.
2025-07-08 21:53:37.892 +07:00 [INF] Đã lấy danh sách 5 phim của quốc gia Mỹ.
2025-07-08 21:53:45.791 +07:00 [INF] Đã lấy danh sách 5 phim của quốc gia Mỹ.
2025-07-08 21:54:00.689 +07:00 [INF] Đã lấy danh sách 5 phim của quốc gia Mỹ.
2025-07-08 21:54:02.428 +07:00 [INF] Đã lấy danh sách 5 phim của quốc gia Mỹ.
2025-07-08 21:54:08.310 +07:00 [INF] Đã lấy danh sách 5 phim của quốc gia Mỹ.
2025-07-08 21:54:11.927 +07:00 [INF] Đã lấy danh sách 5 phim của quốc gia Mỹ.
2025-07-08 22:01:48.622 +07:00 [INF] Đã áp dụng migrations cho AppDbContext.
2025-07-08 22:01:48.645 +07:00 [INF] Đã áp dụng migrations cho ApplicationDbContext (Identity).
2025-07-08 22:01:48.647 +07:00 [INF] Thư mục Uploads đã được tạo hoặc xác minh tại: /Users/tanloc/MovieWebsite/wwwroot/Uploads
2025-07-08 22:01:48.647 +07:00 [INF] Thư mục Logs đã được tạo hoặc xác minh tại: /Users/tanloc/MovieWebsite/wwwroot/Logs
2025-07-08 22:02:02.678 +07:00 [WRN] Failed to determine the https port for redirect.
2025-07-08 22:02:18.344 +07:00 [WRN] Thể loại với ID 0 không tồn tại.
2025-07-08 22:02:34.075 +07:00 [WRN] Thể loại với ID 0 không tồn tại.
2025-07-08 22:04:57.158 +07:00 [INF] Đã áp dụng migrations cho AppDbContext.
2025-07-08 22:04:57.181 +07:00 [INF] Đã áp dụng migrations cho ApplicationDbContext (Identity).
2025-07-08 22:04:57.183 +07:00 [INF] Thư mục Uploads đã được tạo hoặc xác minh tại: /Users/tanloc/MovieWebsite/wwwroot/Uploads
2025-07-08 22:04:57.183 +07:00 [INF] Thư mục Logs đã được tạo hoặc xác minh tại: /Users/tanloc/MovieWebsite/wwwroot/Logs
2025-07-08 22:05:41.618 +07:00 [WRN] Failed to determine the https port for redirect.
2025-07-08 22:06:08.551 +07:00 [WRN] Thể loại với ID 0 không tồn tại.
2025-07-08 22:06:33.823 +07:00 [WRN] Thể loại với ID 0 không tồn tại.
2025-07-08 22:06:38.745 +07:00 [WRN] Thể loại với ID 0 không tồn tại.
2025-07-08 22:07:18.149 +07:00 [INF] Đã áp dụng migrations cho AppDbContext.
2025-07-08 22:07:18.172 +07:00 [INF] Đã áp dụng migrations cho ApplicationDbContext (Identity).
2025-07-08 22:07:18.173 +07:00 [INF] Thư mục Uploads đã được tạo hoặc xác minh tại: /Users/tanloc/MovieWebsite/wwwroot/Uploads
2025-07-08 22:07:18.173 +07:00 [INF] Thư mục Logs đã được tạo hoặc xác minh tại: /Users/tanloc/MovieWebsite/wwwroot/Logs
2025-07-08 22:07:23.744 +07:00 [WRN] Failed to determine the https port for redirect.
2025-07-08 22:08:11.956 +07:00 [WRN] Thể loại với ID 0 không tồn tại.
2025-07-08 22:09:02.380 +07:00 [WRN] Thể loại với ID 0 không tồn tại.
2025-07-08 22:09:05.657 +07:00 [WRN] Thể loại với ID 0 không tồn tại.
2025-07-08 22:09:15.337 +07:00 [WRN] Compiling a query which loads related collections for more than one collection navigation, either via 'Include' or through projection, but no 'QuerySplittingBehavior' has been configured. By default, Entity Framework will use 'QuerySplittingBehavior.SingleQuery', which can potentially result in slow query performance. See https://go.microsoft.com/fwlink/?linkid=2134277 for more information. To identify the query that's triggering this warning call 'ConfigureWarnings(w => w.Throw(RelationalEventId.MultipleCollectionIncludeWarning))'.
2025-07-08 22:09:33.727 +07:00 [WRN] Compiling a query which loads related collections for more than one collection navigation, either via 'Include' or through projection, but no 'QuerySplittingBehavior' has been configured. By default, Entity Framework will use 'QuerySplittingBehavior.SingleQuery', which can potentially result in slow query performance. See https://go.microsoft.com/fwlink/?linkid=2134277 for more information. To identify the query that's triggering this warning call 'ConfigureWarnings(w => w.Throw(RelationalEventId.MultipleCollectionIncludeWarning))'.
2025-07-08 22:09:33.826 +07:00 [INF] Đã cập nhật phim: Bố Già (ID: 3)
2025-07-08 22:09:40.257 +07:00 [WRN] Thể loại với ID 0 không tồn tại.
2025-07-08 22:12:37.994 +07:00 [INF] Đã áp dụng migrations cho AppDbContext.
2025-07-08 22:12:38.019 +07:00 [INF] Đã áp dụng migrations cho ApplicationDbContext (Identity).
2025-07-08 22:12:38.021 +07:00 [INF] Thư mục Uploads đã được tạo hoặc xác minh tại: /Users/tanloc/MovieWebsite/wwwroot/Uploads
2025-07-08 22:12:38.021 +07:00 [INF] Thư mục Logs đã được tạo hoặc xác minh tại: /Users/tanloc/MovieWebsite/wwwroot/Logs
2025-07-08 22:13:07.505 +07:00 [WRN] Failed to determine the https port for redirect.
2025-07-08 22:13:07.862 +07:00 [INF] Đã lấy danh sách 4 phim của thể loại Hài Hước.
2025-07-08 22:13:41.455 +07:00 [INF] Đã lấy danh sách 4 phim của thể loại Hài Hước.
2025-07-08 22:13:42.453 +07:00 [INF] Đã lấy danh sách 4 phim của thể loại Hài Hước.
2025-07-08 22:13:50.951 +07:00 [INF] Đã lấy danh sách 4 phim của thể loại Hài Hước.
2025-07-08 22:13:55.513 +07:00 [INF] Đã lấy danh sách 4 phim của thể loại Hài Hước.
2025-07-08 22:14:10.296 +07:00 [INF] Đã áp dụng migrations cho AppDbContext.
2025-07-08 22:14:10.319 +07:00 [INF] Đã áp dụng migrations cho ApplicationDbContext (Identity).
2025-07-08 22:14:10.321 +07:00 [INF] Thư mục Uploads đã được tạo hoặc xác minh tại: /Users/tanloc/MovieWebsite/wwwroot/Uploads
2025-07-08 22:14:10.321 +07:00 [INF] Thư mục Logs đã được tạo hoặc xác minh tại: /Users/tanloc/MovieWebsite/wwwroot/Logs
2025-07-08 22:14:12.090 +07:00 [WRN] Failed to determine the https port for redirect.
2025-07-08 22:14:12.302 +07:00 [WRN] Thể loại với ID 0 không tồn tại.
2025-07-08 22:14:30.034 +07:00 [WRN] Thể loại với ID 0 không tồn tại.
2025-07-08 22:19:39.911 +07:00 [WRN] Thể loại với ID 0 không tồn tại.
2025-07-08 22:19:50.442 +07:00 [ERR] An unhandled exception has occurred while executing the request.
Microsoft.AspNetCore.Routing.Matching.AmbiguousMatchException: The request matched multiple endpoints. Matches: 

MovieWebsite.Controllers.MoviesController.Index (MovieWebsite)
MovieWebsite.Controllers.MoviesController.Index (MovieWebsite)
   at Microsoft.AspNetCore.Routing.Matching.DefaultEndpointSelector.ReportAmbiguity(Span`1 candidateState)
   at Microsoft.AspNetCore.Routing.Matching.DefaultEndpointSelector.ProcessFinalCandidates(HttpContext httpContext, Span`1 candidateState)
   at Microsoft.AspNetCore.Routing.Matching.DefaultEndpointSelector.Select(HttpContext httpContext, Span`1 candidateState)
   at Microsoft.AspNetCore.Routing.Matching.DfaMatcher.MatchAsync(HttpContext httpContext)
   at Microsoft.AspNetCore.Routing.EndpointRoutingMiddleware.Invoke(HttpContext httpContext)
   at Microsoft.AspNetCore.StaticFiles.StaticFileMiddleware.Invoke(HttpContext context)
   at Microsoft.AspNetCore.HttpsPolicy.HttpsRedirectionMiddleware.Invoke(HttpContext context)
   at Microsoft.AspNetCore.Localization.RequestLocalizationMiddleware.Invoke(HttpContext context)
   at Microsoft.AspNetCore.Diagnostics.DeveloperExceptionPageMiddlewareImpl.Invoke(HttpContext context)
2025-07-08 22:19:53.526 +07:00 [ERR] An unhandled exception has occurred while executing the request.
Microsoft.AspNetCore.Routing.Matching.AmbiguousMatchException: The request matched multiple endpoints. Matches: 

MovieWebsite.Controllers.MoviesController.Index (MovieWebsite)
MovieWebsite.Controllers.MoviesController.Index (MovieWebsite)
   at Microsoft.AspNetCore.Routing.Matching.DefaultEndpointSelector.ReportAmbiguity(Span`1 candidateState)
   at Microsoft.AspNetCore.Routing.Matching.DefaultEndpointSelector.ProcessFinalCandidates(HttpContext httpContext, Span`1 candidateState)
   at Microsoft.AspNetCore.Routing.Matching.DefaultEndpointSelector.Select(HttpContext httpContext, Span`1 candidateState)
   at Microsoft.AspNetCore.Routing.Matching.DfaMatcher.MatchAsync(HttpContext httpContext)
   at Microsoft.AspNetCore.Routing.EndpointRoutingMiddleware.Invoke(HttpContext httpContext)
   at Microsoft.AspNetCore.StaticFiles.StaticFileMiddleware.Invoke(HttpContext context)
   at Microsoft.AspNetCore.HttpsPolicy.HttpsRedirectionMiddleware.Invoke(HttpContext context)
   at Microsoft.AspNetCore.Localization.RequestLocalizationMiddleware.Invoke(HttpContext context)
   at Microsoft.AspNetCore.Diagnostics.DeveloperExceptionPageMiddlewareImpl.Invoke(HttpContext context)
2025-07-08 22:19:57.482 +07:00 [ERR] An unhandled exception has occurred while executing the request.
Microsoft.AspNetCore.Routing.Matching.AmbiguousMatchException: The request matched multiple endpoints. Matches: 

MovieWebsite.Controllers.MoviesController.Index (MovieWebsite)
MovieWebsite.Controllers.MoviesController.Index (MovieWebsite)
   at Microsoft.AspNetCore.Routing.Matching.DefaultEndpointSelector.ReportAmbiguity(Span`1 candidateState)
   at Microsoft.AspNetCore.Routing.Matching.DefaultEndpointSelector.ProcessFinalCandidates(HttpContext httpContext, Span`1 candidateState)
   at Microsoft.AspNetCore.Routing.Matching.DefaultEndpointSelector.Select(HttpContext httpContext, Span`1 candidateState)
   at Microsoft.AspNetCore.Routing.Matching.DfaMatcher.MatchAsync(HttpContext httpContext)
   at Microsoft.AspNetCore.Routing.EndpointRoutingMiddleware.Invoke(HttpContext httpContext)
   at Microsoft.AspNetCore.StaticFiles.StaticFileMiddleware.Invoke(HttpContext context)
   at Microsoft.AspNetCore.HttpsPolicy.HttpsRedirectionMiddleware.Invoke(HttpContext context)
   at Microsoft.AspNetCore.Localization.RequestLocalizationMiddleware.Invoke(HttpContext context)
   at Microsoft.AspNetCore.Diagnostics.DeveloperExceptionPageMiddlewareImpl.Invoke(HttpContext context)
2025-07-08 22:20:03.656 +07:00 [WRN] Thể loại với ID 0 không tồn tại.
2025-07-08 22:20:03.663 +07:00 [ERR] An unhandled exception has occurred while executing the request.
Microsoft.AspNetCore.Routing.Matching.AmbiguousMatchException: The request matched multiple endpoints. Matches: 

MovieWebsite.Controllers.MoviesController.Index (MovieWebsite)
MovieWebsite.Controllers.MoviesController.Index (MovieWebsite)
   at Microsoft.AspNetCore.Routing.Matching.DefaultEndpointSelector.ReportAmbiguity(Span`1 candidateState)
   at Microsoft.AspNetCore.Routing.Matching.DefaultEndpointSelector.ProcessFinalCandidates(HttpContext httpContext, Span`1 candidateState)
   at Microsoft.AspNetCore.Routing.Matching.DefaultEndpointSelector.Select(HttpContext httpContext, Span`1 candidateState)
   at Microsoft.AspNetCore.Routing.Matching.DfaMatcher.MatchAsync(HttpContext httpContext)
   at Microsoft.AspNetCore.Routing.EndpointRoutingMiddleware.Invoke(HttpContext httpContext)
   at Microsoft.AspNetCore.StaticFiles.StaticFileMiddleware.Invoke(HttpContext context)
   at Microsoft.AspNetCore.HttpsPolicy.HttpsRedirectionMiddleware.Invoke(HttpContext context)
   at Microsoft.AspNetCore.Localization.RequestLocalizationMiddleware.Invoke(HttpContext context)
   at Microsoft.AspNetCore.Diagnostics.DeveloperExceptionPageMiddlewareImpl.Invoke(HttpContext context)
2025-07-08 22:20:11.593 +07:00 [ERR] An unhandled exception has occurred while executing the request.
Microsoft.AspNetCore.Routing.Matching.AmbiguousMatchException: The request matched multiple endpoints. Matches: 

MovieWebsite.Controllers.MoviesController.Index (MovieWebsite)
MovieWebsite.Controllers.MoviesController.Index (MovieWebsite)
   at Microsoft.AspNetCore.Routing.Matching.DefaultEndpointSelector.ReportAmbiguity(Span`1 candidateState)
   at Microsoft.AspNetCore.Routing.Matching.DefaultEndpointSelector.ProcessFinalCandidates(HttpContext httpContext, Span`1 candidateState)
   at Microsoft.AspNetCore.Routing.Matching.DefaultEndpointSelector.Select(HttpContext httpContext, Span`1 candidateState)
   at Microsoft.AspNetCore.Routing.Matching.DfaMatcher.MatchAsync(HttpContext httpContext)
   at Microsoft.AspNetCore.Routing.EndpointRoutingMiddleware.Invoke(HttpContext httpContext)
   at Microsoft.AspNetCore.StaticFiles.StaticFileMiddleware.Invoke(HttpContext context)
   at Microsoft.AspNetCore.HttpsPolicy.HttpsRedirectionMiddleware.Invoke(HttpContext context)
   at Microsoft.AspNetCore.Localization.RequestLocalizationMiddleware.Invoke(HttpContext context)
   at Microsoft.AspNetCore.Diagnostics.DeveloperExceptionPageMiddlewareImpl.Invoke(HttpContext context)
2025-07-08 22:20:25.243 +07:00 [WRN] Thể loại với ID 0 không tồn tại.
2025-07-08 22:20:25.249 +07:00 [ERR] An unhandled exception has occurred while executing the request.
Microsoft.AspNetCore.Routing.Matching.AmbiguousMatchException: The request matched multiple endpoints. Matches: 

MovieWebsite.Controllers.MoviesController.Index (MovieWebsite)
MovieWebsite.Controllers.MoviesController.Index (MovieWebsite)
   at Microsoft.AspNetCore.Routing.Matching.DefaultEndpointSelector.ReportAmbiguity(Span`1 candidateState)
   at Microsoft.AspNetCore.Routing.Matching.DefaultEndpointSelector.ProcessFinalCandidates(HttpContext httpContext, Span`1 candidateState)
   at Microsoft.AspNetCore.Routing.Matching.DefaultEndpointSelector.Select(HttpContext httpContext, Span`1 candidateState)
   at Microsoft.AspNetCore.Routing.Matching.DfaMatcher.MatchAsync(HttpContext httpContext)
   at Microsoft.AspNetCore.Routing.EndpointRoutingMiddleware.Invoke(HttpContext httpContext)
   at Microsoft.AspNetCore.StaticFiles.StaticFileMiddleware.Invoke(HttpContext context)
   at Microsoft.AspNetCore.HttpsPolicy.HttpsRedirectionMiddleware.Invoke(HttpContext context)
   at Microsoft.AspNetCore.Localization.RequestLocalizationMiddleware.Invoke(HttpContext context)
   at Microsoft.AspNetCore.Diagnostics.DeveloperExceptionPageMiddlewareImpl.Invoke(HttpContext context)
2025-07-08 22:20:27.425 +07:00 [ERR] An unhandled exception has occurred while executing the request.
Microsoft.AspNetCore.Routing.Matching.AmbiguousMatchException: The request matched multiple endpoints. Matches: 

MovieWebsite.Controllers.MoviesController.Index (MovieWebsite)
MovieWebsite.Controllers.MoviesController.Index (MovieWebsite)
   at Microsoft.AspNetCore.Routing.Matching.DefaultEndpointSelector.ReportAmbiguity(Span`1 candidateState)
   at Microsoft.AspNetCore.Routing.Matching.DefaultEndpointSelector.ProcessFinalCandidates(HttpContext httpContext, Span`1 candidateState)
   at Microsoft.AspNetCore.Routing.Matching.DefaultEndpointSelector.Select(HttpContext httpContext, Span`1 candidateState)
   at Microsoft.AspNetCore.Routing.Matching.DfaMatcher.MatchAsync(HttpContext httpContext)
   at Microsoft.AspNetCore.Routing.EndpointRoutingMiddleware.Invoke(HttpContext httpContext)
   at Microsoft.AspNetCore.StaticFiles.StaticFileMiddleware.Invoke(HttpContext context)
   at Microsoft.AspNetCore.HttpsPolicy.HttpsRedirectionMiddleware.Invoke(HttpContext context)
   at Microsoft.AspNetCore.Localization.RequestLocalizationMiddleware.Invoke(HttpContext context)
   at Microsoft.AspNetCore.Diagnostics.DeveloperExceptionPageMiddlewareImpl.Invoke(HttpContext context)
2025-07-08 22:20:33.951 +07:00 [ERR] An unhandled exception has occurred while executing the request.
Microsoft.AspNetCore.Routing.Matching.AmbiguousMatchException: The request matched multiple endpoints. Matches: 

MovieWebsite.Controllers.MoviesController.Index (MovieWebsite)
MovieWebsite.Controllers.MoviesController.Index (MovieWebsite)
   at Microsoft.AspNetCore.Routing.Matching.DefaultEndpointSelector.ReportAmbiguity(Span`1 candidateState)
   at Microsoft.AspNetCore.Routing.Matching.DefaultEndpointSelector.ProcessFinalCandidates(HttpContext httpContext, Span`1 candidateState)
   at Microsoft.AspNetCore.Routing.Matching.DefaultEndpointSelector.Select(HttpContext httpContext, Span`1 candidateState)
   at Microsoft.AspNetCore.Routing.Matching.DfaMatcher.MatchAsync(HttpContext httpContext)
   at Microsoft.AspNetCore.Routing.EndpointRoutingMiddleware.Invoke(HttpContext httpContext)
   at Microsoft.AspNetCore.StaticFiles.StaticFileMiddleware.Invoke(HttpContext context)
   at Microsoft.AspNetCore.HttpsPolicy.HttpsRedirectionMiddleware.Invoke(HttpContext context)
   at Microsoft.AspNetCore.Localization.RequestLocalizationMiddleware.Invoke(HttpContext context)
   at Microsoft.AspNetCore.Diagnostics.DeveloperExceptionPageMiddlewareImpl.Invoke(HttpContext context)
2025-07-08 22:20:40.417 +07:00 [WRN] Thể loại với ID 0 không tồn tại.
2025-07-08 22:20:40.428 +07:00 [ERR] An unhandled exception has occurred while executing the request.
Microsoft.AspNetCore.Routing.Matching.AmbiguousMatchException: The request matched multiple endpoints. Matches: 

MovieWebsite.Controllers.MoviesController.Index (MovieWebsite)
MovieWebsite.Controllers.MoviesController.Index (MovieWebsite)
   at Microsoft.AspNetCore.Routing.Matching.DefaultEndpointSelector.ReportAmbiguity(Span`1 candidateState)
   at Microsoft.AspNetCore.Routing.Matching.DefaultEndpointSelector.ProcessFinalCandidates(HttpContext httpContext, Span`1 candidateState)
   at Microsoft.AspNetCore.Routing.Matching.DefaultEndpointSelector.Select(HttpContext httpContext, Span`1 candidateState)
   at Microsoft.AspNetCore.Routing.Matching.DfaMatcher.MatchAsync(HttpContext httpContext)
   at Microsoft.AspNetCore.Routing.EndpointRoutingMiddleware.Invoke(HttpContext httpContext)
   at Microsoft.AspNetCore.HttpsPolicy.HttpsRedirectionMiddleware.Invoke(HttpContext context)
   at Microsoft.AspNetCore.Localization.RequestLocalizationMiddleware.Invoke(HttpContext context)
   at Microsoft.AspNetCore.Diagnostics.DeveloperExceptionPageMiddlewareImpl.Invoke(HttpContext context)
2025-07-08 22:20:47.558 +07:00 [ERR] An unhandled exception has occurred while executing the request.
Microsoft.AspNetCore.Routing.Matching.AmbiguousMatchException: The request matched multiple endpoints. Matches: 

MovieWebsite.Controllers.MoviesController.Index (MovieWebsite)
MovieWebsite.Controllers.MoviesController.Index (MovieWebsite)
   at Microsoft.AspNetCore.Routing.Matching.DefaultEndpointSelector.ReportAmbiguity(Span`1 candidateState)
   at Microsoft.AspNetCore.Routing.Matching.DefaultEndpointSelector.ProcessFinalCandidates(HttpContext httpContext, Span`1 candidateState)
   at Microsoft.AspNetCore.Routing.Matching.DfaMatcher.MatchAsync(HttpContext httpContext)
   at Microsoft.AspNetCore.Routing.EndpointRoutingMiddleware.Invoke(HttpContext httpContext)
   at Microsoft.AspNetCore.HttpsPolicy.HttpsRedirectionMiddleware.Invoke(HttpContext context)
   at Microsoft.AspNetCore.Localization.RequestLocalizationMiddleware.Invoke(HttpContext context)
   at Microsoft.AspNetCore.Diagnostics.DeveloperExceptionPageMiddlewareImpl.Invoke(HttpContext context)
2025-07-08 22:21:17.434 +07:00 [ERR] An unhandled exception has occurred while executing the request.
Microsoft.AspNetCore.Routing.Matching.AmbiguousMatchException: The request matched multiple endpoints. Matches: 

MovieWebsite.Controllers.MoviesController.Index (MovieWebsite)
MovieWebsite.Controllers.MoviesController.Index (MovieWebsite)
   at Microsoft.AspNetCore.Routing.Matching.DefaultEndpointSelector.ReportAmbiguity(Span`1 candidateState)
   at Microsoft.AspNetCore.Routing.Matching.DefaultEndpointSelector.ProcessFinalCandidates(HttpContext httpContext, Span`1 candidateState)
   at Microsoft.AspNetCore.Routing.Matching.DfaMatcher.MatchAsync(HttpContext httpContext)
   at Microsoft.AspNetCore.Routing.EndpointRoutingMiddleware.Invoke(HttpContext httpContext)
   at Microsoft.AspNetCore.HttpsPolicy.HttpsRedirectionMiddleware.Invoke(HttpContext context)
   at Microsoft.AspNetCore.Localization.RequestLocalizationMiddleware.Invoke(HttpContext context)
   at Microsoft.AspNetCore.Diagnostics.DeveloperExceptionPageMiddlewareImpl.Invoke(HttpContext context)
2025-07-08 22:21:38.456 +07:00 [INF] Đã áp dụng migrations cho AppDbContext.
2025-07-08 22:21:38.483 +07:00 [INF] Đã áp dụng migrations cho ApplicationDbContext (Identity).
2025-07-08 22:21:38.485 +07:00 [INF] Thư mục Uploads đã được tạo hoặc xác minh tại: /Users/tanloc/MovieWebsite/wwwroot/Uploads
2025-07-08 22:21:38.485 +07:00 [INF] Thư mục Logs đã được tạo hoặc xác minh tại: /Users/tanloc/MovieWebsite/wwwroot/Logs
2025-07-08 22:21:40.808 +07:00 [WRN] Failed to determine the https port for redirect.
2025-07-08 22:21:41.020 +07:00 [WRN] Thể loại với ID 0 không tồn tại.
2025-07-08 22:23:39.825 +07:00 [WRN] Thể loại với ID 0 không tồn tại.
2025-07-08 22:23:54.963 +07:00 [INF] Đã áp dụng migrations cho AppDbContext.
2025-07-08 22:23:54.989 +07:00 [INF] Đã áp dụng migrations cho ApplicationDbContext (Identity).
2025-07-08 22:23:54.991 +07:00 [INF] Thư mục Uploads đã được tạo hoặc xác minh tại: /Users/tanloc/MovieWebsite/wwwroot/Uploads
2025-07-08 22:23:54.991 +07:00 [INF] Thư mục Logs đã được tạo hoặc xác minh tại: /Users/tanloc/MovieWebsite/wwwroot/Logs
2025-07-08 22:23:55.815 +07:00 [WRN] Failed to determine the https port for redirect.
2025-07-08 22:24:35.726 +07:00 [INF] Đã lấy danh sách 4 phim của thể loại Hài Hước.
2025-07-08 22:26:02.609 +07:00 [INF] Đã lấy danh sách 4 phim của thể loại Hài Hước.
2025-07-08 22:26:05.842 +07:00 [INF] Đã lấy danh sách 4 phim của thể loại Hài Hước.
2025-07-08 22:26:09.521 +07:00 [INF] Đã lấy danh sách 7 phim của thể loại Khoa Học Viễn Tưởng.
2025-07-08 22:28:31.963 +07:00 [INF] Đã lấy danh sách 7 phim của thể loại Khoa Học Viễn Tưởng.
2025-07-08 22:28:39.372 +07:00 [INF] Đã lấy danh sách 7 phim của thể loại Khoa Học Viễn Tưởng.
2025-07-08 22:29:05.892 +07:00 [INF] Đã áp dụng migrations cho AppDbContext.
2025-07-08 22:29:05.919 +07:00 [INF] Đã áp dụng migrations cho ApplicationDbContext (Identity).
2025-07-08 22:29:05.921 +07:00 [INF] Thư mục Uploads đã được tạo hoặc xác minh tại: /Users/tanloc/MovieWebsite/wwwroot/Uploads
2025-07-08 22:29:05.921 +07:00 [INF] Thư mục Logs đã được tạo hoặc xác minh tại: /Users/tanloc/MovieWebsite/wwwroot/Logs
2025-07-08 22:29:06.104 +07:00 [WRN] Failed to determine the https port for redirect.
2025-07-08 22:29:06.456 +07:00 [INF] Đã lấy danh sách 7 phim của thể loại Khoa Học Viễn Tưởng.
2025-07-08 22:29:20.915 +07:00 [INF] Đã lấy danh sách 13 phim của quốc gia Hàn Quốc.
2025-07-08 22:29:45.325 +07:00 [INF] Đã lấy danh sách 7 phim của thể loại Khoa Học Viễn Tưởng.
2025-07-08 22:29:48.085 +07:00 [INF] Đã lấy danh sách 7 phim của thể loại Khoa Học Viễn Tưởng.
2025-07-08 22:29:57.150 +07:00 [INF] Đã lấy danh sách 7 phim của thể loại Khoa Học Viễn Tưởng.
2025-07-08 22:30:40.515 +07:00 [INF] Đã lấy danh sách 7 phim của thể loại Khoa Học Viễn Tưởng.
2025-07-08 22:30:52.502 +07:00 [INF] Đã lấy danh sách 4 phim của thể loại Hài Hước.
2025-07-08 22:31:12.128 +07:00 [INF] Đã lấy danh sách 13 phim của quốc gia Hàn Quốc.
2025-07-08 22:32:10.964 +07:00 [INF] Đã áp dụng migrations cho AppDbContext.
2025-07-08 22:32:10.987 +07:00 [INF] Đã áp dụng migrations cho ApplicationDbContext (Identity).
2025-07-08 22:32:10.989 +07:00 [INF] Thư mục Uploads đã được tạo hoặc xác minh tại: /Users/tanloc/MovieWebsite/wwwroot/Uploads
2025-07-08 22:32:10.989 +07:00 [INF] Thư mục Logs đã được tạo hoặc xác minh tại: /Users/tanloc/MovieWebsite/wwwroot/Logs
2025-07-08 22:32:12.348 +07:00 [WRN] Failed to determine the https port for redirect.
2025-07-08 22:32:12.669 +07:00 [INF] Đã lấy danh sách 13 phim của quốc gia Hàn Quốc.
2025-07-08 22:32:35.757 +07:00 [INF] Đã lấy danh sách 0 phim của quốc gia Việt Nam.
2025-07-08 22:32:40.549 +07:00 [INF] Đã lấy danh sách 13 phim của quốc gia Hàn Quốc.
2025-07-08 22:32:43.732 +07:00 [INF] Đã lấy danh sách 3 phim của quốc gia Trung Quốc.
2025-07-08 22:32:50.183 +07:00 [INF] Đã lấy danh sách 1 phim của quốc gia Nhật Bản.
2025-07-08 22:32:54.644 +07:00 [INF] Đã lấy danh sách 5 phim của quốc gia Mỹ.
2025-07-08 22:33:57.092 +07:00 [INF] Đã lấy danh sách 5 phim của quốc gia Mỹ.
2025-07-08 22:36:35.606 +07:00 [INF] Đã áp dụng migrations cho AppDbContext.
2025-07-08 22:36:35.629 +07:00 [INF] Đã áp dụng migrations cho ApplicationDbContext (Identity).
2025-07-08 22:36:35.631 +07:00 [INF] Thư mục Uploads đã được tạo hoặc xác minh tại: /Users/tanloc/MovieWebsite/wwwroot/Uploads
2025-07-08 22:36:35.631 +07:00 [INF] Thư mục Logs đã được tạo hoặc xác minh tại: /Users/tanloc/MovieWebsite/wwwroot/Logs
2025-07-08 22:36:42.590 +07:00 [WRN] Failed to determine the https port for redirect.
2025-07-08 22:36:42.857 +07:00 [INF] Đã lấy danh sách 0 phim của quốc gia Việt Nam.
2025-07-08 22:36:50.802 +07:00 [INF] Đã lấy danh sách 5 phim của quốc gia Mỹ.
2025-07-08 22:36:53.796 +07:00 [INF] Đã lấy danh sách 13 phim của quốc gia Hàn Quốc.
2025-07-08 22:37:08.559 +07:00 [INF] Đã lấy danh sách 13 phim của quốc gia Hàn Quốc.
2025-07-08 22:37:27.018 +07:00 [INF] Đã lấy danh sách 13 phim của quốc gia Hàn Quốc.
2025-07-08 22:37:33.108 +07:00 [INF] Đã lấy danh sách 13 phim của quốc gia Hàn Quốc.
2025-07-08 22:37:40.789 +07:00 [INF] Đã lấy danh sách 13 phim của quốc gia Hàn Quốc.
2025-07-08 22:37:44.742 +07:00 [INF] Đã lấy danh sách 13 phim của quốc gia Hàn Quốc.
2025-07-08 22:37:49.776 +07:00 [INF] Đã lấy danh sách 13 phim của quốc gia Hàn Quốc.
2025-07-08 22:39:47.878 +07:00 [INF] Đã lấy danh sách 5 phim của quốc gia Mỹ.
2025-07-08 22:40:31.833 +07:00 [INF] Đã lấy danh sách 13 phim của quốc gia Hàn Quốc.
2025-07-08 22:40:40.667 +07:00 [WRN] Compiling a query which loads related collections for more than one collection navigation, either via 'Include' or through projection, but no 'QuerySplittingBehavior' has been configured. By default, Entity Framework will use 'QuerySplittingBehavior.SingleQuery', which can potentially result in slow query performance. See https://go.microsoft.com/fwlink/?linkid=2134277 for more information. To identify the query that's triggering this warning call 'ConfigureWarnings(w => w.Throw(RelationalEventId.MultipleCollectionIncludeWarning))'.
2025-07-08 22:40:45.332 +07:00 [WRN] Compiling a query which loads related collections for more than one collection navigation, either via 'Include' or through projection, but no 'QuerySplittingBehavior' has been configured. By default, Entity Framework will use 'QuerySplittingBehavior.SingleQuery', which can potentially result in slow query performance. See https://go.microsoft.com/fwlink/?linkid=2134277 for more information. To identify the query that's triggering this warning call 'ConfigureWarnings(w => w.Throw(RelationalEventId.MultipleCollectionIncludeWarning))'.
2025-07-08 22:40:45.433 +07:00 [INF] Đã cập nhật phim: Bố Già (ID: 3)
2025-07-08 22:41:07.346 +07:00 [INF] Đã cập nhật phim: Kẻ Đánh Cắp Giấc Mơ (ID: 12)
2025-07-08 22:41:26.875 +07:00 [INF] Đã cập nhật phim: Bố Già (ID: 3)
2025-07-08 22:41:38.638 +07:00 [INF] Đã cập nhật phim: Tiệc Trăng Máu (ID: 2)
2025-07-08 22:42:01.583 +07:00 [INF] Đã cập nhật phim: Kẻ Đánh Cắp Giấc Mơ (ID: 12)
2025-07-08 22:44:13.497 +07:00 [INF] Đã lấy danh sách 11 phim của quốc gia Hàn Quốc.
2025-07-08 22:45:42.225 +07:00 [INF] Đã lấy danh sách 4 phim của thể loại Hài Hước.
2025-07-08 23:00:03.155 +07:00 [INF] Đã áp dụng migrations cho AppDbContext.
2025-07-08 23:00:03.178 +07:00 [INF] Đã áp dụng migrations cho ApplicationDbContext (Identity).
2025-07-08 23:00:03.180 +07:00 [INF] Thư mục Uploads đã được tạo hoặc xác minh tại: /Users/tanloc/MovieWebsite/wwwroot/Uploads
2025-07-08 23:00:03.180 +07:00 [INF] Thư mục Logs đã được tạo hoặc xác minh tại: /Users/tanloc/MovieWebsite/wwwroot/Logs
2025-07-08 23:00:15.569 +07:00 [WRN] Failed to determine the https port for redirect.
2025-07-08 23:07:22.840 +07:00 [INF] Đã lấy danh sách 4 phim của thể loại Hài Hước.
